2024-05-15 07:13:00,067 [Worker-4: Loading available Gradle versions] INFO  o.e.b.c.i.u.g.PublishedGradleVersions - Gradle version information cache is not available. Remote download required.
2024-05-15 07:55:52,885 [Worker-5: Loading available Gradle versions] INFO  o.e.b.c.i.u.g.PublishedGradleVersions - Gradle version information cache is up-to-date. Trying to read.
2024-05-15 19:15:17,130 [Worker-5: Loading available Gradle versions] INFO  o.e.b.c.i.u.g.PublishedGradleVersions - Gradle version information cache is up-to-date. Trying to read.
2024-05-17 06:58:08,144 [Worker-5: Loading available Gradle versions] INFO  o.e.b.c.i.u.g.PublishedGradleVersions - Gradle version information cache is out-of-date. Trying to update.
2024-05-17 07:01:50,455 [ModalContext] INFO  o.e.m.c.i.e.AbstractTransferListenerAdapter - Downloading https://repo.maven.apache.org/maven2/org/apache/maven/archetypes/maven-archetype-bundles/4/maven-archetype-bundles-4.pom
2024-05-17 07:01:50,518 [ModalContext] INFO  o.e.m.c.i.e.AbstractTransferListenerAdapter - Downloaded https://repo.maven.apache.org/maven2/org/apache/maven/archetypes/maven-archetype-bundles/4/maven-archetype-bundles-4.pom
2024-05-17 07:01:50,582 [ModalContext] INFO  o.e.m.c.i.e.AbstractTransferListenerAdapter - Downloading https://repo.maven.apache.org/maven2/org/apache/maven/archetype/maven-archetype/2.0-alpha-5/maven-archetype-2.0-alpha-5.pom
2024-05-17 07:01:50,616 [ModalContext] INFO  o.e.m.c.i.e.AbstractTransferListenerAdapter - Downloaded https://repo.maven.apache.org/maven2/org/apache/maven/archetype/maven-archetype/2.0-alpha-5/maven-archetype-2.0-alpha-5.pom
2024-05-17 07:01:50,660 [ModalContext] INFO  o.e.m.c.i.e.AbstractTransferListenerAdapter - Downloading https://repo.maven.apache.org/maven2/org/apache/maven/maven-parent/16/maven-parent-16.pom
2024-05-17 07:01:50,705 [ModalContext] INFO  o.e.m.c.i.e.AbstractTransferListenerAdapter - Downloaded https://repo.maven.apache.org/maven2/org/apache/maven/maven-parent/16/maven-parent-16.pom
2024-05-17 07:01:50,750 [ModalContext] INFO  o.e.m.c.i.e.AbstractTransferListenerAdapter - Downloading https://repo.maven.apache.org/maven2/org/apache/apache/7/apache-7.pom
2024-05-17 07:01:50,786 [ModalContext] INFO  o.e.m.c.i.e.AbstractTransferListenerAdapter - Downloaded https://repo.maven.apache.org/maven2/org/apache/apache/7/apache-7.pom
2024-05-17 07:04:55,715 [Worker-14: Launching mavenrun-c32133d9-5d05-456b-85c7-e71bdfd0add6] INFO  o.eclipse.m2e.core.internal.Bundles - getClasspathEntries(Bundle=org.eclipse.m2e.maven.runtime_3.9.600.20231203-1234 [297])
2024-05-17 07:04:55,720 [Worker-14: Launching mavenrun-c32133d9-5d05-456b-85c7-e71bdfd0add6] INFO  o.eclipse.m2e.core.internal.Bundles - 	Entry: C:\Users\vicky\.p2\pool\plugins\org.eclipse.m2e.maven.runtime_3.9.600.20231203-1234
2024-05-17 07:04:55,722 [Worker-14: Launching mavenrun-c32133d9-5d05-456b-85c7-e71bdfd0add6] INFO  o.eclipse.m2e.core.internal.Bundles - 	Entry: C:\Users\vicky\.p2\pool\plugins\org.eclipse.m2e.maven.runtime_3.9.600.20231203-1234\jars\aopalliance-1.0.jar
2024-05-17 07:04:55,722 [Worker-14: Launching mavenrun-c32133d9-5d05-456b-85c7-e71bdfd0add6] INFO  o.eclipse.m2e.core.internal.Bundles - 	Entry: C:\Users\vicky\.p2\pool\plugins\org.eclipse.m2e.maven.runtime_3.9.600.20231203-1234\jars\guice-5.1.0.jar
2024-05-17 07:04:55,723 [Worker-14: Launching mavenrun-c32133d9-5d05-456b-85c7-e71bdfd0add6] INFO  o.eclipse.m2e.core.internal.Bundles - 	Entry: C:\Users\vicky\.p2\pool\plugins\org.eclipse.m2e.maven.runtime_3.9.600.20231203-1234\jars\httpclient-4.5.14.jar
2024-05-17 07:04:55,725 [Worker-14: Launching mavenrun-c32133d9-5d05-456b-85c7-e71bdfd0add6] INFO  o.eclipse.m2e.core.internal.Bundles - 	Entry: C:\Users\vicky\.p2\pool\plugins\org.eclipse.m2e.maven.runtime_3.9.600.20231203-1234\jars\httpcore-4.4.16.jar
2024-05-17 07:04:55,726 [Worker-14: Launching mavenrun-c32133d9-5d05-456b-85c7-e71bdfd0add6] INFO  o.eclipse.m2e.core.internal.Bundles - 	Entry: C:\Users\vicky\.p2\pool\plugins\org.eclipse.m2e.maven.runtime_3.9.600.20231203-1234\jars\jansi-2.4.0.jar
2024-05-17 07:04:55,727 [Worker-14: Launching mavenrun-c32133d9-5d05-456b-85c7-e71bdfd0add6] INFO  o.eclipse.m2e.core.internal.Bundles - 	Entry: C:\Users\vicky\.p2\pool\plugins\org.eclipse.m2e.maven.runtime_3.9.600.20231203-1234\jars\jcl-over-slf4j-1.7.36.jar
2024-05-17 07:04:55,728 [Worker-14: Launching mavenrun-c32133d9-5d05-456b-85c7-e71bdfd0add6] INFO  o.eclipse.m2e.core.internal.Bundles - 	Entry: C:\Users\vicky\.p2\pool\plugins\org.eclipse.m2e.maven.runtime_3.9.600.20231203-1234\jars\maven-artifact-3.9.6.jar
2024-05-17 07:04:55,729 [Worker-14: Launching mavenrun-c32133d9-5d05-456b-85c7-e71bdfd0add6] INFO  o.eclipse.m2e.core.internal.Bundles - 	Entry: C:\Users\vicky\.p2\pool\plugins\org.eclipse.m2e.maven.runtime_3.9.600.20231203-1234\jars\maven-builder-support-3.9.6.jar
2024-05-17 07:04:55,730 [Worker-14: Launching mavenrun-c32133d9-5d05-456b-85c7-e71bdfd0add6] INFO  o.eclipse.m2e.core.internal.Bundles - 	Entry: C:\Users\vicky\.p2\pool\plugins\org.eclipse.m2e.maven.runtime_3.9.600.20231203-1234\jars\maven-compat-3.9.6.jar
2024-05-17 07:04:55,730 [Worker-14: Launching mavenrun-c32133d9-5d05-456b-85c7-e71bdfd0add6] INFO  o.eclipse.m2e.core.internal.Bundles - 	Entry: C:\Users\vicky\.p2\pool\plugins\org.eclipse.m2e.maven.runtime_3.9.600.20231203-1234\jars\maven-core-3.9.6.jar
2024-05-17 07:04:55,731 [Worker-14: Launching mavenrun-c32133d9-5d05-456b-85c7-e71bdfd0add6] INFO  o.eclipse.m2e.core.internal.Bundles - 	Entry: C:\Users\vicky\.p2\pool\plugins\org.eclipse.m2e.maven.runtime_3.9.600.20231203-1234\jars\maven-embedder-3.9.6.jar
2024-05-17 07:04:55,733 [Worker-14: Launching mavenrun-c32133d9-5d05-456b-85c7-e71bdfd0add6] INFO  o.eclipse.m2e.core.internal.Bundles - 	Entry: C:\Users\vicky\.p2\pool\plugins\org.eclipse.m2e.maven.runtime_3.9.600.20231203-1234\jars\maven-model-3.9.6.jar
2024-05-17 07:04:55,734 [Worker-14: Launching mavenrun-c32133d9-5d05-456b-85c7-e71bdfd0add6] INFO  o.eclipse.m2e.core.internal.Bundles - 	Entry: C:\Users\vicky\.p2\pool\plugins\org.eclipse.m2e.maven.runtime_3.9.600.20231203-1234\jars\maven-model-builder-3.9.6.jar
2024-05-17 07:04:55,734 [Worker-14: Launching mavenrun-c32133d9-5d05-456b-85c7-e71bdfd0add6] INFO  o.eclipse.m2e.core.internal.Bundles - 	Entry: C:\Users\vicky\.p2\pool\plugins\org.eclipse.m2e.maven.runtime_3.9.600.20231203-1234\jars\maven-plugin-api-3.9.6.jar
2024-05-17 07:04:55,735 [Worker-14: Launching mavenrun-c32133d9-5d05-456b-85c7-e71bdfd0add6] INFO  o.eclipse.m2e.core.internal.Bundles - 	Entry: C:\Users\vicky\.p2\pool\plugins\org.eclipse.m2e.maven.runtime_3.9.600.20231203-1234\jars\maven-repository-metadata-3.9.6.jar
2024-05-17 07:04:55,736 [Worker-14: Launching mavenrun-c32133d9-5d05-456b-85c7-e71bdfd0add6] INFO  o.eclipse.m2e.core.internal.Bundles - 	Entry: C:\Users\vicky\.p2\pool\plugins\org.eclipse.m2e.maven.runtime_3.9.600.20231203-1234\jars\maven-resolver-api-1.9.18.jar
2024-05-17 07:04:55,737 [Worker-14: Launching mavenrun-c32133d9-5d05-456b-85c7-e71bdfd0add6] INFO  o.eclipse.m2e.core.internal.Bundles - 	Entry: C:\Users\vicky\.p2\pool\plugins\org.eclipse.m2e.maven.runtime_3.9.600.20231203-1234\jars\maven-resolver-connector-basic-1.9.18.jar
2024-05-17 07:04:55,738 [Worker-14: Launching mavenrun-c32133d9-5d05-456b-85c7-e71bdfd0add6] INFO  o.eclipse.m2e.core.internal.Bundles - 	Entry: C:\Users\vicky\.p2\pool\plugins\org.eclipse.m2e.maven.runtime_3.9.600.20231203-1234\jars\maven-resolver-impl-1.9.18.jar
2024-05-17 07:04:55,739 [Worker-14: Launching mavenrun-c32133d9-5d05-456b-85c7-e71bdfd0add6] INFO  o.eclipse.m2e.core.internal.Bundles - 	Entry: C:\Users\vicky\.p2\pool\plugins\org.eclipse.m2e.maven.runtime_3.9.600.20231203-1234\jars\maven-resolver-named-locks-1.9.18.jar
2024-05-17 07:04:55,742 [Worker-14: Launching mavenrun-c32133d9-5d05-456b-85c7-e71bdfd0add6] INFO  o.eclipse.m2e.core.internal.Bundles - 	Entry: C:\Users\vicky\.p2\pool\plugins\org.eclipse.m2e.maven.runtime_3.9.600.20231203-1234\jars\maven-resolver-provider-3.9.6.jar
2024-05-17 07:04:55,743 [Worker-14: Launching mavenrun-c32133d9-5d05-456b-85c7-e71bdfd0add6] INFO  o.eclipse.m2e.core.internal.Bundles - 	Entry: C:\Users\vicky\.p2\pool\plugins\org.eclipse.m2e.maven.runtime_3.9.600.20231203-1234\jars\maven-resolver-spi-1.9.18.jar
2024-05-17 07:04:55,744 [Worker-14: Launching mavenrun-c32133d9-5d05-456b-85c7-e71bdfd0add6] INFO  o.eclipse.m2e.core.internal.Bundles - 	Entry: C:\Users\vicky\.p2\pool\plugins\org.eclipse.m2e.maven.runtime_3.9.600.20231203-1234\jars\maven-resolver-transport-file-1.9.18.jar
2024-05-17 07:04:55,745 [Worker-14: Launching mavenrun-c32133d9-5d05-456b-85c7-e71bdfd0add6] INFO  o.eclipse.m2e.core.internal.Bundles - 	Entry: C:\Users\vicky\.p2\pool\plugins\org.eclipse.m2e.maven.runtime_3.9.600.20231203-1234\jars\maven-resolver-transport-http-1.9.18.jar
2024-05-17 07:04:55,746 [Worker-14: Launching mavenrun-c32133d9-5d05-456b-85c7-e71bdfd0add6] INFO  o.eclipse.m2e.core.internal.Bundles - 	Entry: C:\Users\vicky\.p2\pool\plugins\org.eclipse.m2e.maven.runtime_3.9.600.20231203-1234\jars\maven-resolver-transport-wagon-1.9.18.jar
2024-05-17 07:04:55,747 [Worker-14: Launching mavenrun-c32133d9-5d05-456b-85c7-e71bdfd0add6] INFO  o.eclipse.m2e.core.internal.Bundles - 	Entry: C:\Users\vicky\.p2\pool\plugins\org.eclipse.m2e.maven.runtime_3.9.600.20231203-1234\jars\maven-resolver-util-1.9.18.jar
2024-05-17 07:04:55,749 [Worker-14: Launching mavenrun-c32133d9-5d05-456b-85c7-e71bdfd0add6] INFO  o.eclipse.m2e.core.internal.Bundles - 	Entry: C:\Users\vicky\.p2\pool\plugins\org.eclipse.m2e.maven.runtime_3.9.600.20231203-1234\jars\maven-settings-3.9.6.jar
2024-05-17 07:04:55,751 [Worker-14: Launching mavenrun-c32133d9-5d05-456b-85c7-e71bdfd0add6] INFO  o.eclipse.m2e.core.internal.Bundles - 	Entry: C:\Users\vicky\.p2\pool\plugins\org.eclipse.m2e.maven.runtime_3.9.600.20231203-1234\jars\maven-settings-builder-3.9.6.jar
2024-05-17 07:04:55,752 [Worker-14: Launching mavenrun-c32133d9-5d05-456b-85c7-e71bdfd0add6] INFO  o.eclipse.m2e.core.internal.Bundles - 	Entry: C:\Users\vicky\.p2\pool\plugins\org.eclipse.m2e.maven.runtime_3.9.600.20231203-1234\jars\maven-shared-utils-3.3.4.jar
2024-05-17 07:04:55,753 [Worker-14: Launching mavenrun-c32133d9-5d05-456b-85c7-e71bdfd0add6] INFO  o.eclipse.m2e.core.internal.Bundles - 	Entry: C:\Users\vicky\.p2\pool\plugins\org.eclipse.m2e.maven.runtime_3.9.600.20231203-1234\jars\org.eclipse.sisu.inject-0.9.0.M2.jar
2024-05-17 07:04:55,754 [Worker-14: Launching mavenrun-c32133d9-5d05-456b-85c7-e71bdfd0add6] INFO  o.eclipse.m2e.core.internal.Bundles - 	Entry: C:\Users\vicky\.p2\pool\plugins\org.eclipse.m2e.maven.runtime_3.9.600.20231203-1234\jars\org.eclipse.sisu.plexus-0.9.0.M2.jar
2024-05-17 07:04:55,755 [Worker-14: Launching mavenrun-c32133d9-5d05-456b-85c7-e71bdfd0add6] INFO  o.eclipse.m2e.core.internal.Bundles - 	Entry: C:\Users\vicky\.p2\pool\plugins\org.eclipse.m2e.maven.runtime_3.9.600.20231203-1234\jars\plexus-build-api-0.0.7.jar
2024-05-17 07:04:55,757 [Worker-14: Launching mavenrun-c32133d9-5d05-456b-85c7-e71bdfd0add6] INFO  o.eclipse.m2e.core.internal.Bundles - 	Entry: C:\Users\vicky\.p2\pool\plugins\org.eclipse.m2e.maven.runtime_3.9.600.20231203-1234\jars\plexus-cipher-2.0.jar
2024-05-17 07:04:55,758 [Worker-14: Launching mavenrun-c32133d9-5d05-456b-85c7-e71bdfd0add6] INFO  o.eclipse.m2e.core.internal.Bundles - 	Entry: C:\Users\vicky\.p2\pool\plugins\org.eclipse.m2e.maven.runtime_3.9.600.20231203-1234\jars\plexus-classworlds-2.7.0.jar
2024-05-17 07:04:55,759 [Worker-14: Launching mavenrun-c32133d9-5d05-456b-85c7-e71bdfd0add6] INFO  o.eclipse.m2e.core.internal.Bundles - 	Entry: C:\Users\vicky\.p2\pool\plugins\org.eclipse.m2e.maven.runtime_3.9.600.20231203-1234\jars\plexus-component-annotations-2.1.0.jar
2024-05-17 07:04:55,760 [Worker-14: Launching mavenrun-c32133d9-5d05-456b-85c7-e71bdfd0add6] INFO  o.eclipse.m2e.core.internal.Bundles - 	Entry: C:\Users\vicky\.p2\pool\plugins\org.eclipse.m2e.maven.runtime_3.9.600.20231203-1234\jars\plexus-interpolation-1.26.jar
2024-05-17 07:04:55,761 [Worker-14: Launching mavenrun-c32133d9-5d05-456b-85c7-e71bdfd0add6] INFO  o.eclipse.m2e.core.internal.Bundles - 	Entry: C:\Users\vicky\.p2\pool\plugins\org.eclipse.m2e.maven.runtime_3.9.600.20231203-1234\jars\plexus-sec-dispatcher-2.0.jar
2024-05-17 07:04:55,762 [Worker-14: Launching mavenrun-c32133d9-5d05-456b-85c7-e71bdfd0add6] INFO  o.eclipse.m2e.core.internal.Bundles - 	Entry: C:\Users\vicky\.p2\pool\plugins\org.eclipse.m2e.maven.runtime_3.9.600.20231203-1234\jars\plexus-utils-3.5.1.jar
2024-05-17 07:04:55,763 [Worker-14: Launching mavenrun-c32133d9-5d05-456b-85c7-e71bdfd0add6] INFO  o.eclipse.m2e.core.internal.Bundles - 	Entry: C:\Users\vicky\.p2\pool\plugins\org.eclipse.m2e.maven.runtime_3.9.600.20231203-1234\jars\wagon-file-3.5.3.jar
2024-05-17 07:04:55,765 [Worker-14: Launching mavenrun-c32133d9-5d05-456b-85c7-e71bdfd0add6] INFO  o.eclipse.m2e.core.internal.Bundles - 	Entry: C:\Users\vicky\.p2\pool\plugins\org.eclipse.m2e.maven.runtime_3.9.600.20231203-1234\jars\wagon-http-3.5.3.jar
2024-05-17 07:04:55,766 [Worker-14: Launching mavenrun-c32133d9-5d05-456b-85c7-e71bdfd0add6] INFO  o.eclipse.m2e.core.internal.Bundles - 	Entry: C:\Users\vicky\.p2\pool\plugins\org.eclipse.m2e.maven.runtime_3.9.600.20231203-1234\jars\wagon-http-shared-3.5.3.jar
2024-05-17 07:04:55,767 [Worker-14: Launching mavenrun-c32133d9-5d05-456b-85c7-e71bdfd0add6] INFO  o.eclipse.m2e.core.internal.Bundles - 	Entry: C:\Users\vicky\.p2\pool\plugins\org.eclipse.m2e.maven.runtime_3.9.600.20231203-1234\jars\wagon-provider-api-3.5.3.jar
2024-05-17 07:04:55,771 [Worker-14: Launching mavenrun-c32133d9-5d05-456b-85c7-e71bdfd0add6] INFO  o.eclipse.m2e.core.internal.Bundles - getClasspathEntries(Bundle=com.google.guava_33.0.0.jre [10])
2024-05-17 07:04:55,774 [Worker-14: Launching mavenrun-c32133d9-5d05-456b-85c7-e71bdfd0add6] INFO  o.eclipse.m2e.core.internal.Bundles - 	Entry: C:\Users\vicky\.p2\pool\plugins\com.google.guava_33.0.0.jre.jar
2024-05-17 07:04:55,774 [Worker-14: Launching mavenrun-c32133d9-5d05-456b-85c7-e71bdfd0add6] INFO  o.eclipse.m2e.core.internal.Bundles - getClasspathEntries(Bundle=slf4j.api_2.0.13 [519])
2024-05-17 07:04:55,776 [Worker-14: Launching mavenrun-c32133d9-5d05-456b-85c7-e71bdfd0add6] INFO  o.eclipse.m2e.core.internal.Bundles - 	Entry: C:\Users\vicky\.p2\pool\plugins\slf4j.api_2.0.13.jar
2024-05-17 07:04:55,776 [Worker-14: Launching mavenrun-c32133d9-5d05-456b-85c7-e71bdfd0add6] INFO  o.eclipse.m2e.core.internal.Bundles - getClasspathEntries(Bundle=jakarta.inject.jakarta.inject-api_1.0.5 [22])
2024-05-17 07:04:55,777 [Worker-14: Launching mavenrun-c32133d9-5d05-456b-85c7-e71bdfd0add6] INFO  o.eclipse.m2e.core.internal.Bundles - 	Entry: C:\Users\vicky\.p2\pool\plugins\jakarta.inject.jakarta.inject-api_1.0.5.jar
2024-05-17 07:04:55,778 [Worker-14: Launching mavenrun-c32133d9-5d05-456b-85c7-e71bdfd0add6] INFO  o.eclipse.m2e.core.internal.Bundles - getClasspathEntries(Bundle=jakarta.annotation-api_1.3.5 [20])
2024-05-17 07:04:55,779 [Worker-14: Launching mavenrun-c32133d9-5d05-456b-85c7-e71bdfd0add6] INFO  o.eclipse.m2e.core.internal.Bundles - 	Entry: C:\Users\vicky\.p2\pool\plugins\jakarta.annotation-api_1.3.5.jar
2024-05-17 07:04:55,780 [Worker-14: Launching mavenrun-c32133d9-5d05-456b-85c7-e71bdfd0add6] INFO  o.eclipse.m2e.core.internal.Bundles - getClasspathEntries(Bundle=org.apache.commons.cli_1.6.0 [46])
2024-05-17 07:04:55,781 [Worker-14: Launching mavenrun-c32133d9-5d05-456b-85c7-e71bdfd0add6] INFO  o.eclipse.m2e.core.internal.Bundles - 	Entry: C:\Users\vicky\.p2\pool\plugins\org.apache.commons.cli_1.6.0.jar
2024-05-17 07:04:55,781 [Worker-14: Launching mavenrun-c32133d9-5d05-456b-85c7-e71bdfd0add6] INFO  o.eclipse.m2e.core.internal.Bundles - getClasspathEntries(Bundle=org.apache.commons.commons-codec_1.16.0 [47])
2024-05-17 07:04:55,783 [Worker-14: Launching mavenrun-c32133d9-5d05-456b-85c7-e71bdfd0add6] INFO  o.eclipse.m2e.core.internal.Bundles - 	Entry: C:\Users\vicky\.p2\pool\plugins\org.apache.commons.commons-codec_1.16.0.jar
2024-05-17 07:04:55,783 [Worker-14: Launching mavenrun-c32133d9-5d05-456b-85c7-e71bdfd0add6] INFO  o.eclipse.m2e.core.internal.Bundles - getClasspathEntries(Bundle=org.apache.commons.lang3_3.14.0 [53])
2024-05-17 07:04:55,785 [Worker-14: Launching mavenrun-c32133d9-5d05-456b-85c7-e71bdfd0add6] INFO  o.eclipse.m2e.core.internal.Bundles - 	Entry: C:\Users\vicky\.p2\pool\plugins\org.apache.commons.lang3_3.14.0.jar
2024-05-17 07:04:55,785 [Worker-14: Launching mavenrun-c32133d9-5d05-456b-85c7-e71bdfd0add6] INFO  o.eclipse.m2e.core.internal.Bundles - getClasspathEntries(Bundle=com.google.guava.failureaccess_1.0.2 [11])
2024-05-17 07:04:55,787 [Worker-14: Launching mavenrun-c32133d9-5d05-456b-85c7-e71bdfd0add6] INFO  o.eclipse.m2e.core.internal.Bundles - 	Entry: C:\Users\vicky\.p2\pool\plugins\com.google.guava.failureaccess_1.0.2.jar
2024-05-17 07:04:55,816 [Worker-14: Launching mavenrun-c32133d9-5d05-456b-85c7-e71bdfd0add6] INFO  o.e.m.i.launch.MavenLaunchDelegate - Run build in "C:\Users\vicky\AppData\Local\Temp\m2e-archetypeGenerator4821165237429126623":
2024-05-17 07:04:55,831 [Worker-14: Launching mavenrun-c32133d9-5d05-456b-85c7-e71bdfd0add6] INFO  o.e.m.i.launch.MavenLaunchDelegate -  mvn  -DarchetypeGroupId=org.apache.maven.archetypes -DarchetypeArtifactId=maven-archetype-quickstart -DarchetypeVersion=1.1 -DgroupId=com.code -DartifactId=Practice_Code -Dversion=0.0.1-SNAPSHOT -Dpackage=com.code.Practice_Code -DoutputDirectory=C:\Users\vicky\eclipse-workspace -Dstyle.color=always -U archetype:generate
2024-05-17 07:06:14,310 [Worker-15: Creating maven-archetype-quickstart] INFO  o.e.m.c.i.p.ProjectConfigurationManager - Collecting project info '/pom.xml' C:\Users\vicky\eclipse-workspace\Practice_Code\pom.xml
2024-05-17 07:06:15,185 [Worker-15: Creating maven-archetype-quickstart] INFO  o.e.m.c.i.e.AbstractTransferListenerAdapter - Downloading https://repo.maven.apache.org/maven2/org/apache/maven/plugins/maven-resources-plugin/3.3.1/maven-resources-plugin-3.3.1.jar
2024-05-17 07:06:15,228 [Worker-15: Creating maven-archetype-quickstart] INFO  o.e.m.c.i.e.AbstractTransferListenerAdapter - Downloaded https://repo.maven.apache.org/maven2/org/apache/maven/plugins/maven-resources-plugin/3.3.1/maven-resources-plugin-3.3.1.jar
2024-05-17 07:06:15,276 [Worker-15: Creating maven-archetype-quickstart] INFO  o.e.m.c.i.e.AbstractTransferListenerAdapter - Downloading https://repo.maven.apache.org/maven2/org/apache/maven/plugins/maven-compiler-plugin/3.11.0/maven-compiler-plugin-3.11.0.jar
2024-05-17 07:06:15,323 [Worker-15: Creating maven-archetype-quickstart] INFO  o.e.m.c.i.e.AbstractTransferListenerAdapter - Downloaded https://repo.maven.apache.org/maven2/org/apache/maven/plugins/maven-compiler-plugin/3.11.0/maven-compiler-plugin-3.11.0.jar
2024-05-17 07:06:15,390 [Worker-15: Creating maven-archetype-quickstart] INFO  o.e.m.c.i.e.AbstractTransferListenerAdapter - Downloading https://repo.maven.apache.org/maven2/org/apache/maven/plugins/maven-surefire-plugin/3.2.2/maven-surefire-plugin-3.2.2.jar
2024-05-17 07:06:15,432 [Worker-15: Creating maven-archetype-quickstart] INFO  o.e.m.c.i.e.AbstractTransferListenerAdapter - Downloaded https://repo.maven.apache.org/maven2/org/apache/maven/plugins/maven-surefire-plugin/3.2.2/maven-surefire-plugin-3.2.2.jar
2024-05-17 07:06:15,475 [Worker-15: Creating maven-archetype-quickstart] INFO  o.e.m.c.i.e.AbstractTransferListenerAdapter - Downloading https://repo.maven.apache.org/maven2/org/apache/maven/plugins/maven-jar-plugin/3.3.0/maven-jar-plugin-3.3.0.jar
2024-05-17 07:06:15,507 [Worker-15: Creating maven-archetype-quickstart] INFO  o.e.m.c.i.e.AbstractTransferListenerAdapter - Downloaded https://repo.maven.apache.org/maven2/org/apache/maven/plugins/maven-jar-plugin/3.3.0/maven-jar-plugin-3.3.0.jar
2024-05-17 07:06:15,608 [Worker-15: Creating maven-archetype-quickstart] INFO  o.e.m.c.i.e.AbstractTransferListenerAdapter - Downloading https://repo.maven.apache.org/maven2/org/apache/maven/plugins/maven-compiler-plugin/3.11.0/maven-compiler-plugin-3.11.0.pom
2024-05-17 07:06:15,640 [Worker-15: Creating maven-archetype-quickstart] INFO  o.e.m.c.i.e.AbstractTransferListenerAdapter - Downloaded https://repo.maven.apache.org/maven2/org/apache/maven/plugins/maven-compiler-plugin/3.11.0/maven-compiler-plugin-3.11.0.pom
2024-05-17 07:06:15,834 [Worker-15: Creating maven-archetype-quickstart] INFO  o.e.m.c.i.e.AbstractTransferListenerAdapter - Downloading https://repo.maven.apache.org/maven2/org/apache/maven/shared/maven-shared-utils/3.3.4/maven-shared-utils-3.3.4.pom
2024-05-17 07:06:15,873 [Worker-15: Creating maven-archetype-quickstart] INFO  o.e.m.c.i.e.AbstractTransferListenerAdapter - Downloaded https://repo.maven.apache.org/maven2/org/apache/maven/shared/maven-shared-utils/3.3.4/maven-shared-utils-3.3.4.pom
2024-05-17 07:06:16,328 [Worker-15: Creating maven-archetype-quickstart] INFO  o.e.m.c.i.e.AbstractTransferListenerAdapter - Downloading https://repo.maven.apache.org/maven2/org/codehaus/plexus/plexus-java/1.1.2/plexus-java-1.1.2.pom
2024-05-17 07:06:16,357 [Worker-15: Creating maven-archetype-quickstart] INFO  o.e.m.c.i.e.AbstractTransferListenerAdapter - Downloaded https://repo.maven.apache.org/maven2/org/codehaus/plexus/plexus-java/1.1.2/plexus-java-1.1.2.pom
2024-05-17 07:06:16,397 [Worker-15: Creating maven-archetype-quickstart] INFO  o.e.m.c.i.e.AbstractTransferListenerAdapter - Downloading https://repo.maven.apache.org/maven2/org/codehaus/plexus/plexus-languages/1.1.2/plexus-languages-1.1.2.pom
2024-05-17 07:06:16,434 [Worker-15: Creating maven-archetype-quickstart] INFO  o.e.m.c.i.e.AbstractTransferListenerAdapter - Downloaded https://repo.maven.apache.org/maven2/org/codehaus/plexus/plexus-languages/1.1.2/plexus-languages-1.1.2.pom
2024-05-17 07:06:16,473 [Worker-15: Creating maven-archetype-quickstart] INFO  o.e.m.c.i.e.AbstractTransferListenerAdapter - Downloading https://repo.maven.apache.org/maven2/org/codehaus/plexus/plexus/10/plexus-10.pom
2024-05-17 07:06:16,505 [Worker-15: Creating maven-archetype-quickstart] INFO  o.e.m.c.i.e.AbstractTransferListenerAdapter - Downloaded https://repo.maven.apache.org/maven2/org/codehaus/plexus/plexus/10/plexus-10.pom
2024-05-17 07:06:16,551 [Worker-15: Creating maven-archetype-quickstart] INFO  o.e.m.c.i.e.AbstractTransferListenerAdapter - Downloading https://repo.maven.apache.org/maven2/org/ow2/asm/asm/9.4/asm-9.4.pom
2024-05-17 07:06:16,601 [Worker-15: Creating maven-archetype-quickstart] INFO  o.e.m.c.i.e.AbstractTransferListenerAdapter - Downloaded https://repo.maven.apache.org/maven2/org/ow2/asm/asm/9.4/asm-9.4.pom
2024-05-17 07:06:16,643 [Worker-15: Creating maven-archetype-quickstart] INFO  o.e.m.c.i.e.AbstractTransferListenerAdapter - Downloading https://repo.maven.apache.org/maven2/org/ow2/ow2/1.5.1/ow2-1.5.1.pom
2024-05-17 07:06:16,673 [Worker-15: Creating maven-archetype-quickstart] INFO  o.e.m.c.i.e.AbstractTransferListenerAdapter - Downloaded https://repo.maven.apache.org/maven2/org/ow2/ow2/1.5.1/ow2-1.5.1.pom
2024-05-17 07:06:16,718 [Worker-15: Creating maven-archetype-quickstart] INFO  o.e.m.c.i.e.AbstractTransferListenerAdapter - Downloading https://repo.maven.apache.org/maven2/com/thoughtworks/qdox/qdox/2.0.3/qdox-2.0.3.pom
2024-05-17 07:06:16,747 [Worker-15: Creating maven-archetype-quickstart] INFO  o.e.m.c.i.e.AbstractTransferListenerAdapter - Downloaded https://repo.maven.apache.org/maven2/com/thoughtworks/qdox/qdox/2.0.3/qdox-2.0.3.pom
2024-05-17 07:06:16,818 [Worker-15: Creating maven-archetype-quickstart] INFO  o.e.m.c.i.e.AbstractTransferListenerAdapter - Downloading https://repo.maven.apache.org/maven2/org/codehaus/plexus/plexus-compiler-api/2.13.0/plexus-compiler-api-2.13.0.pom
2024-05-17 07:06:16,846 [Worker-15: Creating maven-archetype-quickstart] INFO  o.e.m.c.i.e.AbstractTransferListenerAdapter - Downloaded https://repo.maven.apache.org/maven2/org/codehaus/plexus/plexus-compiler-api/2.13.0/plexus-compiler-api-2.13.0.pom
2024-05-17 07:06:16,933 [Worker-15: Creating maven-archetype-quickstart] INFO  o.e.m.c.i.e.AbstractTransferListenerAdapter - Downloading https://repo.maven.apache.org/maven2/org/codehaus/plexus/plexus-compiler/2.13.0/plexus-compiler-2.13.0.pom
2024-05-17 07:06:16,966 [Worker-15: Creating maven-archetype-quickstart] INFO  o.e.m.c.i.e.AbstractTransferListenerAdapter - Downloaded https://repo.maven.apache.org/maven2/org/codehaus/plexus/plexus-compiler/2.13.0/plexus-compiler-2.13.0.pom
2024-05-17 07:06:17,006 [Worker-15: Creating maven-archetype-quickstart] INFO  o.e.m.c.i.e.AbstractTransferListenerAdapter - Downloading https://repo.maven.apache.org/maven2/org/codehaus/plexus/plexus-components/10.0/plexus-components-10.0.pom
2024-05-17 07:06:17,040 [Worker-15: Creating maven-archetype-quickstart] INFO  o.e.m.c.i.e.AbstractTransferListenerAdapter - Downloaded https://repo.maven.apache.org/maven2/org/codehaus/plexus/plexus-components/10.0/plexus-components-10.0.pom
2024-05-17 07:06:17,097 [Worker-15: Creating maven-archetype-quickstart] INFO  o.e.m.c.i.e.AbstractTransferListenerAdapter - Downloading https://repo.maven.apache.org/maven2/org/junit/junit-bom/5.9.1/junit-bom-5.9.1.pom
2024-05-17 07:06:17,125 [Worker-15: Creating maven-archetype-quickstart] INFO  o.e.m.c.i.e.AbstractTransferListenerAdapter - Downloaded https://repo.maven.apache.org/maven2/org/junit/junit-bom/5.9.1/junit-bom-5.9.1.pom
2024-05-17 07:06:17,167 [Worker-15: Creating maven-archetype-quickstart] INFO  o.e.m.c.i.e.AbstractTransferListenerAdapter - Downloading https://repo.maven.apache.org/maven2/org/codehaus/plexus/plexus-utils/3.5.0/plexus-utils-3.5.0.pom
2024-05-17 07:06:17,197 [Worker-15: Creating maven-archetype-quickstart] INFO  o.e.m.c.i.e.AbstractTransferListenerAdapter - Downloaded https://repo.maven.apache.org/maven2/org/codehaus/plexus/plexus-utils/3.5.0/plexus-utils-3.5.0.pom
2024-05-17 07:06:17,238 [Worker-15: Creating maven-archetype-quickstart] INFO  o.e.m.c.i.e.AbstractTransferListenerAdapter - Downloading https://repo.maven.apache.org/maven2/org/codehaus/plexus/plexus-compiler-manager/2.13.0/plexus-compiler-manager-2.13.0.pom
2024-05-17 07:06:17,267 [Worker-15: Creating maven-archetype-quickstart] INFO  o.e.m.c.i.e.AbstractTransferListenerAdapter - Downloaded https://repo.maven.apache.org/maven2/org/codehaus/plexus/plexus-compiler-manager/2.13.0/plexus-compiler-manager-2.13.0.pom
2024-05-17 07:06:17,311 [Worker-15: Creating maven-archetype-quickstart] INFO  o.e.m.c.i.e.AbstractTransferListenerAdapter - Downloading https://repo.maven.apache.org/maven2/org/codehaus/plexus/plexus-component-annotations/2.1.1/plexus-component-annotations-2.1.1.pom
2024-05-17 07:06:17,343 [Worker-15: Creating maven-archetype-quickstart] INFO  o.e.m.c.i.e.AbstractTransferListenerAdapter - Downloaded https://repo.maven.apache.org/maven2/org/codehaus/plexus/plexus-component-annotations/2.1.1/plexus-component-annotations-2.1.1.pom
2024-05-17 07:06:17,380 [Worker-15: Creating maven-archetype-quickstart] INFO  o.e.m.c.i.e.AbstractTransferListenerAdapter - Downloading https://repo.maven.apache.org/maven2/org/codehaus/plexus/plexus-containers/2.1.1/plexus-containers-2.1.1.pom
2024-05-17 07:06:17,409 [Worker-15: Creating maven-archetype-quickstart] INFO  o.e.m.c.i.e.AbstractTransferListenerAdapter - Downloaded https://repo.maven.apache.org/maven2/org/codehaus/plexus/plexus-containers/2.1.1/plexus-containers-2.1.1.pom
2024-05-17 07:06:17,458 [Worker-15: Creating maven-archetype-quickstart] INFO  o.e.m.c.i.e.AbstractTransferListenerAdapter - Downloading https://repo.maven.apache.org/maven2/org/codehaus/plexus/plexus-compiler-javac/2.13.0/plexus-compiler-javac-2.13.0.pom
2024-05-17 07:06:17,487 [Worker-15: Creating maven-archetype-quickstart] INFO  o.e.m.c.i.e.AbstractTransferListenerAdapter - Downloaded https://repo.maven.apache.org/maven2/org/codehaus/plexus/plexus-compiler-javac/2.13.0/plexus-compiler-javac-2.13.0.pom
2024-05-17 07:06:17,528 [Worker-15: Creating maven-archetype-quickstart] INFO  o.e.m.c.i.e.AbstractTransferListenerAdapter - Downloading https://repo.maven.apache.org/maven2/org/codehaus/plexus/plexus-compilers/2.13.0/plexus-compilers-2.13.0.pom
2024-05-17 07:06:17,559 [Worker-15: Creating maven-archetype-quickstart] INFO  o.e.m.c.i.e.AbstractTransferListenerAdapter - Downloaded https://repo.maven.apache.org/maven2/org/codehaus/plexus/plexus-compilers/2.13.0/plexus-compilers-2.13.0.pom
2024-05-17 07:06:17,664 [Worker-15: Creating maven-archetype-quickstart] INFO  o.e.m.c.i.e.AbstractTransferListenerAdapter - Downloading https://repo.maven.apache.org/maven2/org/apache/maven/shared/maven-shared-utils/3.3.4/maven-shared-utils-3.3.4.jar
2024-05-17 07:06:17,719 [Worker-15: Creating maven-archetype-quickstart] INFO  o.e.m.c.i.e.AbstractTransferListenerAdapter - Downloaded https://repo.maven.apache.org/maven2/org/apache/maven/shared/maven-shared-utils/3.3.4/maven-shared-utils-3.3.4.jar
2024-05-17 07:06:17,781 [BasicRepositoryConnector-repo.maven.apache.org-0-0] INFO  o.e.m.c.i.e.AbstractTransferListenerAdapter - Downloading https://repo.maven.apache.org/maven2/org/codehaus/plexus/plexus-java/1.1.2/plexus-java-1.1.2.jar
2024-05-17 07:06:17,787 [BasicRepositoryConnector-repo.maven.apache.org-0-1] INFO  o.e.m.c.i.e.AbstractTransferListenerAdapter - Downloading https://repo.maven.apache.org/maven2/org/ow2/asm/asm/9.4/asm-9.4.jar
2024-05-17 07:06:17,789 [BasicRepositoryConnector-repo.maven.apache.org-0-3] INFO  o.e.m.c.i.e.AbstractTransferListenerAdapter - Downloading https://repo.maven.apache.org/maven2/org/codehaus/plexus/plexus-compiler-api/2.13.0/plexus-compiler-api-2.13.0.jar
2024-05-17 07:06:17,836 [BasicRepositoryConnector-repo.maven.apache.org-0-4] INFO  o.e.m.c.i.e.AbstractTransferListenerAdapter - Downloading https://repo.maven.apache.org/maven2/org/codehaus/plexus/plexus-utils/3.5.0/plexus-utils-3.5.0.jar
2024-05-17 07:06:17,854 [BasicRepositoryConnector-repo.maven.apache.org-0-2] INFO  o.e.m.c.i.e.AbstractTransferListenerAdapter - Downloading https://repo.maven.apache.org/maven2/com/thoughtworks/qdox/qdox/2.0.3/qdox-2.0.3.jar
2024-05-17 07:06:17,904 [BasicRepositoryConnector-repo.maven.apache.org-0-0] INFO  o.e.m.c.i.e.AbstractTransferListenerAdapter - Downloaded https://repo.maven.apache.org/maven2/org/codehaus/plexus/plexus-java/1.1.2/plexus-java-1.1.2.jar
2024-05-17 07:06:17,914 [BasicRepositoryConnector-repo.maven.apache.org-0-1] INFO  o.e.m.c.i.e.AbstractTransferListenerAdapter - Downloaded https://repo.maven.apache.org/maven2/org/ow2/asm/asm/9.4/asm-9.4.jar
2024-05-17 07:06:17,920 [BasicRepositoryConnector-repo.maven.apache.org-0-3] INFO  o.e.m.c.i.e.AbstractTransferListenerAdapter - Downloaded https://repo.maven.apache.org/maven2/org/codehaus/plexus/plexus-compiler-api/2.13.0/plexus-compiler-api-2.13.0.jar
2024-05-17 07:06:17,935 [BasicRepositoryConnector-repo.maven.apache.org-0-0] INFO  o.e.m.c.i.e.AbstractTransferListenerAdapter - Downloading https://repo.maven.apache.org/maven2/org/codehaus/plexus/plexus-compiler-manager/2.13.0/plexus-compiler-manager-2.13.0.jar
2024-05-17 07:06:17,949 [BasicRepositoryConnector-repo.maven.apache.org-0-1] INFO  o.e.m.c.i.e.AbstractTransferListenerAdapter - Downloading https://repo.maven.apache.org/maven2/org/codehaus/plexus/plexus-compiler-javac/2.13.0/plexus-compiler-javac-2.13.0.jar
2024-05-17 07:06:17,957 [BasicRepositoryConnector-repo.maven.apache.org-0-4] INFO  o.e.m.c.i.e.AbstractTransferListenerAdapter - Downloaded https://repo.maven.apache.org/maven2/org/codehaus/plexus/plexus-utils/3.5.0/plexus-utils-3.5.0.jar
2024-05-17 07:06:17,982 [BasicRepositoryConnector-repo.maven.apache.org-0-0] INFO  o.e.m.c.i.e.AbstractTransferListenerAdapter - Downloaded https://repo.maven.apache.org/maven2/org/codehaus/plexus/plexus-compiler-manager/2.13.0/plexus-compiler-manager-2.13.0.jar
2024-05-17 07:06:17,987 [BasicRepositoryConnector-repo.maven.apache.org-0-1] INFO  o.e.m.c.i.e.AbstractTransferListenerAdapter - Downloaded https://repo.maven.apache.org/maven2/org/codehaus/plexus/plexus-compiler-javac/2.13.0/plexus-compiler-javac-2.13.0.jar
2024-05-17 07:06:17,990 [BasicRepositoryConnector-repo.maven.apache.org-0-2] INFO  o.e.m.c.i.e.AbstractTransferListenerAdapter - Downloaded https://repo.maven.apache.org/maven2/com/thoughtworks/qdox/qdox/2.0.3/qdox-2.0.3.jar
2024-05-17 07:06:18,477 [Worker-15: Creating maven-archetype-quickstart] INFO  o.e.m.c.i.l.LifecycleMappingFactory - Using org.eclipse.m2e.jdt.JarLifecycleMapping lifecycle mapping for MavenProject: com.code:Practice_Code:0.0.1-SNAPSHOT @ C:\Users\vicky\eclipse-workspace\Practice_Code\pom.xml.
2024-05-17 07:06:18,594 [Worker-15: Creating maven-archetype-quickstart] INFO  o.e.m.c.i.e.AbstractTransferListenerAdapter - Downloading https://repo.maven.apache.org/maven2/org/apache/maven/plugins/maven-resources-plugin/3.3.1/maven-resources-plugin-3.3.1.pom
2024-05-17 07:06:18,625 [Worker-15: Creating maven-archetype-quickstart] INFO  o.e.m.c.i.e.AbstractTransferListenerAdapter - Downloaded https://repo.maven.apache.org/maven2/org/apache/maven/plugins/maven-resources-plugin/3.3.1/maven-resources-plugin-3.3.1.pom
2024-05-17 07:06:18,724 [Worker-15: Creating maven-archetype-quickstart] INFO  o.e.m.c.i.e.AbstractTransferListenerAdapter - Downloading https://repo.maven.apache.org/maven2/org/apache/maven/plugins/maven-surefire-plugin/3.2.2/maven-surefire-plugin-3.2.2.pom
2024-05-17 07:06:18,765 [Worker-15: Creating maven-archetype-quickstart] INFO  o.e.m.c.i.e.AbstractTransferListenerAdapter - Downloaded https://repo.maven.apache.org/maven2/org/apache/maven/plugins/maven-surefire-plugin/3.2.2/maven-surefire-plugin-3.2.2.pom
2024-05-17 07:06:18,824 [Worker-15: Creating maven-archetype-quickstart] INFO  o.e.m.c.i.e.AbstractTransferListenerAdapter - Downloading https://repo.maven.apache.org/maven2/org/apache/maven/surefire/surefire/3.2.2/surefire-3.2.2.pom
2024-05-17 07:06:18,860 [Worker-15: Creating maven-archetype-quickstart] INFO  o.e.m.c.i.e.AbstractTransferListenerAdapter - Downloaded https://repo.maven.apache.org/maven2/org/apache/maven/surefire/surefire/3.2.2/surefire-3.2.2.pom
2024-05-17 07:06:18,937 [Worker-15: Creating maven-archetype-quickstart] INFO  o.e.m.c.i.e.AbstractTransferListenerAdapter - Downloading https://repo.maven.apache.org/maven2/org/junit/junit-bom/5.9.3/junit-bom-5.9.3.pom
2024-05-17 07:06:18,974 [Worker-15: Creating maven-archetype-quickstart] INFO  o.e.m.c.i.e.AbstractTransferListenerAdapter - Downloaded https://repo.maven.apache.org/maven2/org/junit/junit-bom/5.9.3/junit-bom-5.9.3.pom
2024-05-17 07:06:19,040 [Worker-15: Creating maven-archetype-quickstart] INFO  o.e.m.c.i.e.AbstractTransferListenerAdapter - Downloading https://repo.maven.apache.org/maven2/org/apache/maven/plugins/maven-jar-plugin/3.3.0/maven-jar-plugin-3.3.0.pom
2024-05-17 07:06:19,073 [Worker-15: Creating maven-archetype-quickstart] INFO  o.e.m.c.i.e.AbstractTransferListenerAdapter - Downloaded https://repo.maven.apache.org/maven2/org/apache/maven/plugins/maven-jar-plugin/3.3.0/maven-jar-plugin-3.3.0.pom
2024-05-17 07:06:19,119 [Worker-15: Creating maven-archetype-quickstart] INFO  o.e.m.c.i.e.AbstractTransferListenerAdapter - Downloading https://repo.maven.apache.org/maven2/org/apache/maven/plugins/maven-plugins/37/maven-plugins-37.pom
2024-05-17 07:06:19,156 [Worker-15: Creating maven-archetype-quickstart] INFO  o.e.m.c.i.e.AbstractTransferListenerAdapter - Downloaded https://repo.maven.apache.org/maven2/org/apache/maven/plugins/maven-plugins/37/maven-plugins-37.pom
2024-05-17 07:06:19,207 [Worker-15: Creating maven-archetype-quickstart] INFO  o.e.m.c.i.e.AbstractTransferListenerAdapter - Downloading https://repo.maven.apache.org/maven2/org/apache/maven/maven-parent/37/maven-parent-37.pom
2024-05-17 07:06:19,243 [Worker-15: Creating maven-archetype-quickstart] INFO  o.e.m.c.i.e.AbstractTransferListenerAdapter - Downloaded https://repo.maven.apache.org/maven2/org/apache/maven/maven-parent/37/maven-parent-37.pom
2024-05-17 07:06:19,294 [Worker-15: Creating maven-archetype-quickstart] INFO  o.e.m.c.i.e.AbstractTransferListenerAdapter - Downloading https://repo.maven.apache.org/maven2/org/apache/apache/27/apache-27.pom
2024-05-17 07:06:19,327 [Worker-15: Creating maven-archetype-quickstart] INFO  o.e.m.c.i.e.AbstractTransferListenerAdapter - Downloaded https://repo.maven.apache.org/maven2/org/apache/apache/27/apache-27.pom
2024-05-17 07:06:19,424 [Worker-15: Creating maven-archetype-quickstart] INFO  o.e.m.c.i.e.AbstractTransferListenerAdapter - Downloading https://repo.maven.apache.org/maven2/org/apache/maven/shared/file-management/3.1.0/file-management-3.1.0.pom
2024-05-17 07:06:19,456 [Worker-15: Creating maven-archetype-quickstart] INFO  o.e.m.c.i.e.AbstractTransferListenerAdapter - Downloaded https://repo.maven.apache.org/maven2/org/apache/maven/shared/file-management/3.1.0/file-management-3.1.0.pom
2024-05-17 07:06:19,497 [Worker-15: Creating maven-archetype-quickstart] INFO  o.e.m.c.i.e.AbstractTransferListenerAdapter - Downloading https://repo.maven.apache.org/maven2/org/apache/maven/shared/maven-shared-components/36/maven-shared-components-36.pom
2024-05-17 07:06:19,531 [Worker-15: Creating maven-archetype-quickstart] INFO  o.e.m.c.i.e.AbstractTransferListenerAdapter - Downloaded https://repo.maven.apache.org/maven2/org/apache/maven/shared/maven-shared-components/36/maven-shared-components-36.pom
2024-05-17 07:06:19,822 [Worker-15: Creating maven-archetype-quickstart] INFO  o.e.m.c.i.e.AbstractTransferListenerAdapter - Downloading https://repo.maven.apache.org/maven2/org/apache/maven/maven-archiver/3.6.0/maven-archiver-3.6.0.pom
2024-05-17 07:06:19,852 [Worker-15: Creating maven-archetype-quickstart] INFO  o.e.m.c.i.e.AbstractTransferListenerAdapter - Downloaded https://repo.maven.apache.org/maven2/org/apache/maven/maven-archiver/3.6.0/maven-archiver-3.6.0.pom
2024-05-17 07:06:19,915 [Worker-15: Creating maven-archetype-quickstart] INFO  o.e.m.c.i.e.AbstractTransferListenerAdapter - Downloading https://repo.maven.apache.org/maven2/org/codehaus/plexus/plexus-io/3.4.0/plexus-io-3.4.0.pom
2024-05-17 07:06:19,943 [Worker-15: Creating maven-archetype-quickstart] INFO  o.e.m.c.i.e.AbstractTransferListenerAdapter - Downloaded https://repo.maven.apache.org/maven2/org/codehaus/plexus/plexus-io/3.4.0/plexus-io-3.4.0.pom
2024-05-17 07:06:20,029 [Worker-15: Creating maven-archetype-quickstart] INFO  o.e.m.c.i.e.AbstractTransferListenerAdapter - Downloading https://repo.maven.apache.org/maven2/org/codehaus/plexus/plexus-archiver/4.4.0/plexus-archiver-4.4.0.pom
2024-05-17 07:06:20,063 [Worker-15: Creating maven-archetype-quickstart] INFO  o.e.m.c.i.e.AbstractTransferListenerAdapter - Downloaded https://repo.maven.apache.org/maven2/org/codehaus/plexus/plexus-archiver/4.4.0/plexus-archiver-4.4.0.pom
2024-05-17 07:06:20,149 [Worker-15: Creating maven-archetype-quickstart] INFO  o.e.m.c.i.e.AbstractTransferListenerAdapter - Downloading https://repo.maven.apache.org/maven2/org/tukaani/xz/1.9/xz-1.9.pom
2024-05-17 07:06:20,179 [Worker-15: Creating maven-archetype-quickstart] INFO  o.e.m.c.i.e.AbstractTransferListenerAdapter - Downloaded https://repo.maven.apache.org/maven2/org/tukaani/xz/1.9/xz-1.9.pom
2024-05-17 07:06:20,223 [Worker-15: Creating maven-archetype-quickstart] INFO  o.e.m.c.i.e.AbstractTransferListenerAdapter - Downloading https://repo.maven.apache.org/maven2/org/codehaus/plexus/plexus-utils/3.4.2/plexus-utils-3.4.2.pom
2024-05-17 07:06:20,269 [Worker-15: Creating maven-archetype-quickstart] INFO  o.e.m.c.i.e.AbstractTransferListenerAdapter - Downloaded https://repo.maven.apache.org/maven2/org/codehaus/plexus/plexus-utils/3.4.2/plexus-utils-3.4.2.pom
2024-05-17 07:06:20,307 [Worker-15: Creating maven-archetype-quickstart] INFO  o.e.m.c.i.e.AbstractTransferListenerAdapter - Downloading https://repo.maven.apache.org/maven2/org/codehaus/plexus/plexus/8/plexus-8.pom
2024-05-17 07:06:20,335 [Worker-15: Creating maven-archetype-quickstart] INFO  o.e.m.c.i.e.AbstractTransferListenerAdapter - Downloaded https://repo.maven.apache.org/maven2/org/codehaus/plexus/plexus/8/plexus-8.pom
2024-05-17 07:06:20,448 [Worker-15: Creating maven-archetype-quickstart] INFO  o.e.m.c.i.e.AbstractTransferListenerAdapter - Downloading https://repo.maven.apache.org/maven2/org/apache/maven/shared/file-management/3.1.0/file-management-3.1.0.jar
2024-05-17 07:06:20,479 [Worker-15: Creating maven-archetype-quickstart] INFO  o.e.m.c.i.e.AbstractTransferListenerAdapter - Downloaded https://repo.maven.apache.org/maven2/org/apache/maven/shared/file-management/3.1.0/file-management-3.1.0.jar
2024-05-17 07:06:20,496 [BasicRepositoryConnector-repo.maven.apache.org-1-0] INFO  o.e.m.c.i.e.AbstractTransferListenerAdapter - Downloading https://repo.maven.apache.org/maven2/org/apache/maven/maven-archiver/3.6.0/maven-archiver-3.6.0.jar
2024-05-17 07:06:20,500 [BasicRepositoryConnector-repo.maven.apache.org-1-1] INFO  o.e.m.c.i.e.AbstractTransferListenerAdapter - Downloading https://repo.maven.apache.org/maven2/org/codehaus/plexus/plexus-io/3.4.0/plexus-io-3.4.0.jar
2024-05-17 07:06:20,526 [BasicRepositoryConnector-repo.maven.apache.org-1-3] INFO  o.e.m.c.i.e.AbstractTransferListenerAdapter - Downloading https://repo.maven.apache.org/maven2/org/tukaani/xz/1.9/xz-1.9.jar
2024-05-17 07:06:20,529 [BasicRepositoryConnector-repo.maven.apache.org-1-2] INFO  o.e.m.c.i.e.AbstractTransferListenerAdapter - Downloading https://repo.maven.apache.org/maven2/org/codehaus/plexus/plexus-archiver/4.4.0/plexus-archiver-4.4.0.jar
2024-05-17 07:06:20,531 [BasicRepositoryConnector-repo.maven.apache.org-1-4] INFO  o.e.m.c.i.e.AbstractTransferListenerAdapter - Downloading https://repo.maven.apache.org/maven2/org/codehaus/plexus/plexus-utils/3.4.2/plexus-utils-3.4.2.jar
2024-05-17 07:06:20,571 [BasicRepositoryConnector-repo.maven.apache.org-1-0] INFO  o.e.m.c.i.e.AbstractTransferListenerAdapter - Downloaded https://repo.maven.apache.org/maven2/org/apache/maven/maven-archiver/3.6.0/maven-archiver-3.6.0.jar
2024-05-17 07:06:20,579 [BasicRepositoryConnector-repo.maven.apache.org-1-1] INFO  o.e.m.c.i.e.AbstractTransferListenerAdapter - Downloaded https://repo.maven.apache.org/maven2/org/codehaus/plexus/plexus-io/3.4.0/plexus-io-3.4.0.jar
2024-05-17 07:06:20,630 [BasicRepositoryConnector-repo.maven.apache.org-1-3] INFO  o.e.m.c.i.e.AbstractTransferListenerAdapter - Downloaded https://repo.maven.apache.org/maven2/org/tukaani/xz/1.9/xz-1.9.jar
2024-05-17 07:06:20,642 [BasicRepositoryConnector-repo.maven.apache.org-1-2] INFO  o.e.m.c.i.e.AbstractTransferListenerAdapter - Downloaded https://repo.maven.apache.org/maven2/org/codehaus/plexus/plexus-archiver/4.4.0/plexus-archiver-4.4.0.jar
2024-05-17 07:06:20,663 [BasicRepositoryConnector-repo.maven.apache.org-1-4] INFO  o.e.m.c.i.e.AbstractTransferListenerAdapter - Downloaded https://repo.maven.apache.org/maven2/org/codehaus/plexus/plexus-utils/3.4.2/plexus-utils-3.4.2.jar
2024-05-17 07:06:21,133 [Worker-15: Creating maven-archetype-quickstart] INFO  o.e.m.c.i.e.AbstractTransferListenerAdapter - Downloading https://repo.maven.apache.org/maven2/org/codehaus/plexus/plexus-utils/3.5.1/plexus-utils-3.5.1.pom
2024-05-17 07:06:21,164 [Worker-15: Creating maven-archetype-quickstart] INFO  o.e.m.c.i.e.AbstractTransferListenerAdapter - Downloaded https://repo.maven.apache.org/maven2/org/codehaus/plexus/plexus-utils/3.5.1/plexus-utils-3.5.1.pom
2024-05-17 07:06:21,204 [Worker-15: Creating maven-archetype-quickstart] INFO  o.e.m.c.i.e.AbstractTransferListenerAdapter - Downloading https://repo.maven.apache.org/maven2/org/apache/maven/shared/maven-filtering/3.3.1/maven-filtering-3.3.1.pom
2024-05-17 07:06:21,235 [Worker-15: Creating maven-archetype-quickstart] INFO  o.e.m.c.i.e.AbstractTransferListenerAdapter - Downloaded https://repo.maven.apache.org/maven2/org/apache/maven/shared/maven-filtering/3.3.1/maven-filtering-3.3.1.pom
2024-05-17 07:06:21,275 [Worker-15: Creating maven-archetype-quickstart] INFO  o.e.m.c.i.e.AbstractTransferListenerAdapter - Downloading https://repo.maven.apache.org/maven2/org/apache/maven/shared/maven-shared-components/39/maven-shared-components-39.pom
2024-05-17 07:06:21,312 [Worker-15: Creating maven-archetype-quickstart] INFO  o.e.m.c.i.e.AbstractTransferListenerAdapter - Downloaded https://repo.maven.apache.org/maven2/org/apache/maven/shared/maven-shared-components/39/maven-shared-components-39.pom
2024-05-17 07:06:21,513 [Worker-15: Creating maven-archetype-quickstart] INFO  o.e.m.c.i.e.AbstractTransferListenerAdapter - Downloading https://repo.maven.apache.org/maven2/org/codehaus/plexus/plexus-utils/3.5.1/plexus-utils-3.5.1.jar
2024-05-17 07:06:21,606 [Worker-15: Creating maven-archetype-quickstart] INFO  o.e.m.c.i.e.AbstractTransferListenerAdapter - Downloaded https://repo.maven.apache.org/maven2/org/codehaus/plexus/plexus-utils/3.5.1/plexus-utils-3.5.1.jar
2024-05-17 07:06:21,623 [BasicRepositoryConnector-repo.maven.apache.org-2-0] INFO  o.e.m.c.i.e.AbstractTransferListenerAdapter - Downloading https://repo.maven.apache.org/maven2/org/apache/maven/shared/maven-filtering/3.3.1/maven-filtering-3.3.1.jar
2024-05-17 07:06:21,659 [BasicRepositoryConnector-repo.maven.apache.org-2-0] INFO  o.e.m.c.i.e.AbstractTransferListenerAdapter - Downloaded https://repo.maven.apache.org/maven2/org/apache/maven/shared/maven-filtering/3.3.1/maven-filtering-3.3.1.jar
2024-05-17 07:06:21,947 [Worker-16: Download sources and javadoc] INFO  o.e.m.c.i.e.AbstractTransferListenerAdapter - Downloading https://repo.maven.apache.org/maven2/junit/junit/3.8.1/junit-3.8.1-sources.jar
2024-05-17 07:06:21,999 [Worker-16: Download sources and javadoc] INFO  o.e.m.c.i.e.AbstractTransferListenerAdapter - Downloaded https://repo.maven.apache.org/maven2/junit/junit/3.8.1/junit-3.8.1-sources.jar
2024-05-17 07:06:22,048 [Worker-16: Download sources and javadoc] INFO  o.e.m.j.internal.DownloadSourcesJob - Downloaded sources for junit:junit:3.8.1
2024-05-17 07:10:53,413 [Worker-25: Updating Maven Project] INFO  o.e.m.c.i.p.ProjectConfigurationManager - Update started
2024-05-17 07:10:54,626 [Worker-25: Updating Maven Project] INFO  o.e.m.c.i.l.LifecycleMappingFactory - Using org.eclipse.m2e.jdt.JarLifecycleMapping lifecycle mapping for MavenProject: com.code:Practice_Code:0.0.1-SNAPSHOT @ C:\Users\vicky\eclipse-workspace\Practice_Code\pom.xml.
2024-05-17 07:10:55,524 [Worker-25: Updating Maven Project] INFO  o.e.m.c.i.p.ProjectConfigurationManager - Update completed for 1 poms: local refresh takes 0.00 sec, refresh facades takes 1.00 sec, update config takes 0.00 sec 
2024-05-17 07:15:32,528 [Worker-25: Building] INFO  o.e.m.c.i.l.LifecycleMappingFactory - Using org.eclipse.m2e.jdt.JarLifecycleMapping lifecycle mapping for MavenProject: com.code:Practice_Code:0.0.1-SNAPSHOT @ C:\Users\vicky\eclipse-workspace\Practice_Code\pom.xml.
2024-05-17 07:15:33,465 [Worker-25: Updating Maven Project] INFO  o.e.m.c.i.p.ProjectConfigurationManager - Update started
2024-05-17 07:15:34,304 [Worker-25: Updating Maven Project] INFO  o.e.m.c.i.l.LifecycleMappingFactory - Using org.eclipse.m2e.jdt.JarLifecycleMapping lifecycle mapping for MavenProject: com.code:Practice_Code:0.0.1-SNAPSHOT @ C:\Users\vicky\eclipse-workspace\Practice_Code\pom.xml.
2024-05-17 07:15:34,835 [Worker-25: Updating Maven Project] INFO  o.e.m.c.i.p.ProjectConfigurationManager - Update completed for 1 poms: local refresh takes 0.00 sec, refresh facades takes 1.00 sec, update config takes 0.00 sec 
2024-05-17 07:15:54,862 [Worker-28: Updating Maven Project] INFO  o.e.m.c.i.p.ProjectConfigurationManager - Update started
2024-05-17 07:15:55,377 [Worker-28: Updating Maven Project] INFO  o.e.m.c.i.l.LifecycleMappingFactory - Using org.eclipse.m2e.jdt.JarLifecycleMapping lifecycle mapping for MavenProject: com.code:Practice_Code:0.0.1-SNAPSHOT @ C:\Users\vicky\eclipse-workspace\Practice_Code\pom.xml.
2024-05-17 07:15:55,831 [Worker-28: Updating Maven Project] INFO  o.e.m.c.i.p.ProjectConfigurationManager - Update completed for 1 poms: local refresh takes 0.00 sec, refresh facades takes 0.00 sec, update config takes 0.00 sec 
2024-05-17 08:11:14,534 [Worker-3: Loading available Gradle versions] INFO  o.e.b.c.i.u.g.PublishedGradleVersions - Gradle version information cache is up-to-date. Trying to read.
2024-05-17 08:11:15,238 [Worker-2: reload maven project] ERROR o.e.m2e.editor.pom.MavenPomEditor - failed to load maven project for org.eclipse.ui.part.FileEditorInput(/Practice_Code/pom.xml)
org.eclipse.core.runtime.CoreException: Could not read maven project
	at org.eclipse.m2e.core.internal.project.registry.ProjectRegistryManager.readProjectWithDependencies(ProjectRegistryManager.java:913)
	at org.eclipse.m2e.core.internal.project.registry.MavenProjectCache$CacheLine.lambda$1(MavenProjectCache.java:192)
	at java.base/java.util.concurrent.ConcurrentHashMap.computeIfAbsent(ConcurrentHashMap.java:1710)
	at org.eclipse.m2e.core.internal.project.registry.MavenProjectCache$CacheLine.getProject(MavenProjectCache.java:191)
	at org.eclipse.m2e.core.internal.project.registry.MavenProjectCache.getMavenProject(MavenProjectCache.java:105)
	at org.eclipse.m2e.core.internal.project.registry.ProjectRegistryManager.lambda$24(ProjectRegistryManager.java:1097)
	at java.base/java.util.Map.computeIfAbsent(Map.java:1067)
	at org.eclipse.m2e.core.internal.project.registry.ProjectRegistryManager.getMavenProject(ProjectRegistryManager.java:1096)
	at org.eclipse.m2e.core.internal.project.registry.MavenProjectFacade.getMavenProject(MavenProjectFacade.java:289)
	at org.eclipse.m2e.core.ui.internal.actions.SelectionUtil.getMavenProject(SelectionUtil.java:241)
	at org.eclipse.m2e.editor.pom.MavenPomEditor.readMavenProject(MavenPomEditor.java:709)
	at org.eclipse.m2e.editor.pom.MavenPomEditor$4.run(MavenPomEditor.java:1029)
	at org.eclipse.core.internal.jobs.Worker.run(Worker.java:63)
2024-05-17 08:47:25,883 [ModalContext] INFO  o.e.m.c.i.e.AbstractTransferListenerAdapter - Downloading https://repo.maven.apache.org/maven2/org/apache/maven/archetypes/maven-archetype-bundles/1.4/maven-archetype-bundles-1.4.pom
2024-05-17 08:47:25,971 [ModalContext] INFO  o.e.m.c.i.e.AbstractTransferListenerAdapter - Downloaded https://repo.maven.apache.org/maven2/org/apache/maven/archetypes/maven-archetype-bundles/1.4/maven-archetype-bundles-1.4.pom
2024-05-17 08:49:32,467 [Worker-19: Launching mavenrun-3df132b3-4ce4-455a-9c10-2490bfb25dcb] INFO  o.eclipse.m2e.core.internal.Bundles - getClasspathEntries(Bundle=org.eclipse.m2e.maven.runtime_3.9.600.20231203-1234 [297])
2024-05-17 08:49:32,471 [Worker-19: Launching mavenrun-3df132b3-4ce4-455a-9c10-2490bfb25dcb] INFO  o.eclipse.m2e.core.internal.Bundles - 	Entry: C:\Users\vicky\.p2\pool\plugins\org.eclipse.m2e.maven.runtime_3.9.600.20231203-1234
2024-05-17 08:49:32,472 [Worker-19: Launching mavenrun-3df132b3-4ce4-455a-9c10-2490bfb25dcb] INFO  o.eclipse.m2e.core.internal.Bundles - 	Entry: C:\Users\vicky\.p2\pool\plugins\org.eclipse.m2e.maven.runtime_3.9.600.20231203-1234\jars\aopalliance-1.0.jar
2024-05-17 08:49:32,473 [Worker-19: Launching mavenrun-3df132b3-4ce4-455a-9c10-2490bfb25dcb] INFO  o.eclipse.m2e.core.internal.Bundles - 	Entry: C:\Users\vicky\.p2\pool\plugins\org.eclipse.m2e.maven.runtime_3.9.600.20231203-1234\jars\guice-5.1.0.jar
2024-05-17 08:49:32,474 [Worker-19: Launching mavenrun-3df132b3-4ce4-455a-9c10-2490bfb25dcb] INFO  o.eclipse.m2e.core.internal.Bundles - 	Entry: C:\Users\vicky\.p2\pool\plugins\org.eclipse.m2e.maven.runtime_3.9.600.20231203-1234\jars\httpclient-4.5.14.jar
2024-05-17 08:49:32,475 [Worker-19: Launching mavenrun-3df132b3-4ce4-455a-9c10-2490bfb25dcb] INFO  o.eclipse.m2e.core.internal.Bundles - 	Entry: C:\Users\vicky\.p2\pool\plugins\org.eclipse.m2e.maven.runtime_3.9.600.20231203-1234\jars\httpcore-4.4.16.jar
2024-05-17 08:49:32,476 [Worker-19: Launching mavenrun-3df132b3-4ce4-455a-9c10-2490bfb25dcb] INFO  o.eclipse.m2e.core.internal.Bundles - 	Entry: C:\Users\vicky\.p2\pool\plugins\org.eclipse.m2e.maven.runtime_3.9.600.20231203-1234\jars\jansi-2.4.0.jar
2024-05-17 08:49:32,476 [Worker-19: Launching mavenrun-3df132b3-4ce4-455a-9c10-2490bfb25dcb] INFO  o.eclipse.m2e.core.internal.Bundles - 	Entry: C:\Users\vicky\.p2\pool\plugins\org.eclipse.m2e.maven.runtime_3.9.600.20231203-1234\jars\jcl-over-slf4j-1.7.36.jar
2024-05-17 08:49:32,477 [Worker-19: Launching mavenrun-3df132b3-4ce4-455a-9c10-2490bfb25dcb] INFO  o.eclipse.m2e.core.internal.Bundles - 	Entry: C:\Users\vicky\.p2\pool\plugins\org.eclipse.m2e.maven.runtime_3.9.600.20231203-1234\jars\maven-artifact-3.9.6.jar
2024-05-17 08:49:32,478 [Worker-19: Launching mavenrun-3df132b3-4ce4-455a-9c10-2490bfb25dcb] INFO  o.eclipse.m2e.core.internal.Bundles - 	Entry: C:\Users\vicky\.p2\pool\plugins\org.eclipse.m2e.maven.runtime_3.9.600.20231203-1234\jars\maven-builder-support-3.9.6.jar
2024-05-17 08:49:32,479 [Worker-19: Launching mavenrun-3df132b3-4ce4-455a-9c10-2490bfb25dcb] INFO  o.eclipse.m2e.core.internal.Bundles - 	Entry: C:\Users\vicky\.p2\pool\plugins\org.eclipse.m2e.maven.runtime_3.9.600.20231203-1234\jars\maven-compat-3.9.6.jar
2024-05-17 08:49:32,480 [Worker-19: Launching mavenrun-3df132b3-4ce4-455a-9c10-2490bfb25dcb] INFO  o.eclipse.m2e.core.internal.Bundles - 	Entry: C:\Users\vicky\.p2\pool\plugins\org.eclipse.m2e.maven.runtime_3.9.600.20231203-1234\jars\maven-core-3.9.6.jar
2024-05-17 08:49:32,481 [Worker-19: Launching mavenrun-3df132b3-4ce4-455a-9c10-2490bfb25dcb] INFO  o.eclipse.m2e.core.internal.Bundles - 	Entry: C:\Users\vicky\.p2\pool\plugins\org.eclipse.m2e.maven.runtime_3.9.600.20231203-1234\jars\maven-embedder-3.9.6.jar
2024-05-17 08:49:32,481 [Worker-19: Launching mavenrun-3df132b3-4ce4-455a-9c10-2490bfb25dcb] INFO  o.eclipse.m2e.core.internal.Bundles - 	Entry: C:\Users\vicky\.p2\pool\plugins\org.eclipse.m2e.maven.runtime_3.9.600.20231203-1234\jars\maven-model-3.9.6.jar
2024-05-17 08:49:32,482 [Worker-19: Launching mavenrun-3df132b3-4ce4-455a-9c10-2490bfb25dcb] INFO  o.eclipse.m2e.core.internal.Bundles - 	Entry: C:\Users\vicky\.p2\pool\plugins\org.eclipse.m2e.maven.runtime_3.9.600.20231203-1234\jars\maven-model-builder-3.9.6.jar
2024-05-17 08:49:32,483 [Worker-19: Launching mavenrun-3df132b3-4ce4-455a-9c10-2490bfb25dcb] INFO  o.eclipse.m2e.core.internal.Bundles - 	Entry: C:\Users\vicky\.p2\pool\plugins\org.eclipse.m2e.maven.runtime_3.9.600.20231203-1234\jars\maven-plugin-api-3.9.6.jar
2024-05-17 08:49:32,484 [Worker-19: Launching mavenrun-3df132b3-4ce4-455a-9c10-2490bfb25dcb] INFO  o.eclipse.m2e.core.internal.Bundles - 	Entry: C:\Users\vicky\.p2\pool\plugins\org.eclipse.m2e.maven.runtime_3.9.600.20231203-1234\jars\maven-repository-metadata-3.9.6.jar
2024-05-17 08:49:32,485 [Worker-19: Launching mavenrun-3df132b3-4ce4-455a-9c10-2490bfb25dcb] INFO  o.eclipse.m2e.core.internal.Bundles - 	Entry: C:\Users\vicky\.p2\pool\plugins\org.eclipse.m2e.maven.runtime_3.9.600.20231203-1234\jars\maven-resolver-api-1.9.18.jar
2024-05-17 08:49:32,486 [Worker-19: Launching mavenrun-3df132b3-4ce4-455a-9c10-2490bfb25dcb] INFO  o.eclipse.m2e.core.internal.Bundles - 	Entry: C:\Users\vicky\.p2\pool\plugins\org.eclipse.m2e.maven.runtime_3.9.600.20231203-1234\jars\maven-resolver-connector-basic-1.9.18.jar
2024-05-17 08:49:32,486 [Worker-19: Launching mavenrun-3df132b3-4ce4-455a-9c10-2490bfb25dcb] INFO  o.eclipse.m2e.core.internal.Bundles - 	Entry: C:\Users\vicky\.p2\pool\plugins\org.eclipse.m2e.maven.runtime_3.9.600.20231203-1234\jars\maven-resolver-impl-1.9.18.jar
2024-05-17 08:49:32,487 [Worker-19: Launching mavenrun-3df132b3-4ce4-455a-9c10-2490bfb25dcb] INFO  o.eclipse.m2e.core.internal.Bundles - 	Entry: C:\Users\vicky\.p2\pool\plugins\org.eclipse.m2e.maven.runtime_3.9.600.20231203-1234\jars\maven-resolver-named-locks-1.9.18.jar
2024-05-17 08:49:32,488 [Worker-19: Launching mavenrun-3df132b3-4ce4-455a-9c10-2490bfb25dcb] INFO  o.eclipse.m2e.core.internal.Bundles - 	Entry: C:\Users\vicky\.p2\pool\plugins\org.eclipse.m2e.maven.runtime_3.9.600.20231203-1234\jars\maven-resolver-provider-3.9.6.jar
2024-05-17 08:49:32,489 [Worker-19: Launching mavenrun-3df132b3-4ce4-455a-9c10-2490bfb25dcb] INFO  o.eclipse.m2e.core.internal.Bundles - 	Entry: C:\Users\vicky\.p2\pool\plugins\org.eclipse.m2e.maven.runtime_3.9.600.20231203-1234\jars\maven-resolver-spi-1.9.18.jar
2024-05-17 08:49:32,490 [Worker-19: Launching mavenrun-3df132b3-4ce4-455a-9c10-2490bfb25dcb] INFO  o.eclipse.m2e.core.internal.Bundles - 	Entry: C:\Users\vicky\.p2\pool\plugins\org.eclipse.m2e.maven.runtime_3.9.600.20231203-1234\jars\maven-resolver-transport-file-1.9.18.jar
2024-05-17 08:49:32,491 [Worker-19: Launching mavenrun-3df132b3-4ce4-455a-9c10-2490bfb25dcb] INFO  o.eclipse.m2e.core.internal.Bundles - 	Entry: C:\Users\vicky\.p2\pool\plugins\org.eclipse.m2e.maven.runtime_3.9.600.20231203-1234\jars\maven-resolver-transport-http-1.9.18.jar
2024-05-17 08:49:32,492 [Worker-19: Launching mavenrun-3df132b3-4ce4-455a-9c10-2490bfb25dcb] INFO  o.eclipse.m2e.core.internal.Bundles - 	Entry: C:\Users\vicky\.p2\pool\plugins\org.eclipse.m2e.maven.runtime_3.9.600.20231203-1234\jars\maven-resolver-transport-wagon-1.9.18.jar
2024-05-17 08:49:32,493 [Worker-19: Launching mavenrun-3df132b3-4ce4-455a-9c10-2490bfb25dcb] INFO  o.eclipse.m2e.core.internal.Bundles - 	Entry: C:\Users\vicky\.p2\pool\plugins\org.eclipse.m2e.maven.runtime_3.9.600.20231203-1234\jars\maven-resolver-util-1.9.18.jar
2024-05-17 08:49:32,494 [Worker-19: Launching mavenrun-3df132b3-4ce4-455a-9c10-2490bfb25dcb] INFO  o.eclipse.m2e.core.internal.Bundles - 	Entry: C:\Users\vicky\.p2\pool\plugins\org.eclipse.m2e.maven.runtime_3.9.600.20231203-1234\jars\maven-settings-3.9.6.jar
2024-05-17 08:49:32,494 [Worker-19: Launching mavenrun-3df132b3-4ce4-455a-9c10-2490bfb25dcb] INFO  o.eclipse.m2e.core.internal.Bundles - 	Entry: C:\Users\vicky\.p2\pool\plugins\org.eclipse.m2e.maven.runtime_3.9.600.20231203-1234\jars\maven-settings-builder-3.9.6.jar
2024-05-17 08:49:32,495 [Worker-19: Launching mavenrun-3df132b3-4ce4-455a-9c10-2490bfb25dcb] INFO  o.eclipse.m2e.core.internal.Bundles - 	Entry: C:\Users\vicky\.p2\pool\plugins\org.eclipse.m2e.maven.runtime_3.9.600.20231203-1234\jars\maven-shared-utils-3.3.4.jar
2024-05-17 08:49:32,496 [Worker-19: Launching mavenrun-3df132b3-4ce4-455a-9c10-2490bfb25dcb] INFO  o.eclipse.m2e.core.internal.Bundles - 	Entry: C:\Users\vicky\.p2\pool\plugins\org.eclipse.m2e.maven.runtime_3.9.600.20231203-1234\jars\org.eclipse.sisu.inject-0.9.0.M2.jar
2024-05-17 08:49:32,496 [Worker-19: Launching mavenrun-3df132b3-4ce4-455a-9c10-2490bfb25dcb] INFO  o.eclipse.m2e.core.internal.Bundles - 	Entry: C:\Users\vicky\.p2\pool\plugins\org.eclipse.m2e.maven.runtime_3.9.600.20231203-1234\jars\org.eclipse.sisu.plexus-0.9.0.M2.jar
2024-05-17 08:49:32,497 [Worker-19: Launching mavenrun-3df132b3-4ce4-455a-9c10-2490bfb25dcb] INFO  o.eclipse.m2e.core.internal.Bundles - 	Entry: C:\Users\vicky\.p2\pool\plugins\org.eclipse.m2e.maven.runtime_3.9.600.20231203-1234\jars\plexus-build-api-0.0.7.jar
2024-05-17 08:49:32,498 [Worker-19: Launching mavenrun-3df132b3-4ce4-455a-9c10-2490bfb25dcb] INFO  o.eclipse.m2e.core.internal.Bundles - 	Entry: C:\Users\vicky\.p2\pool\plugins\org.eclipse.m2e.maven.runtime_3.9.600.20231203-1234\jars\plexus-cipher-2.0.jar
2024-05-17 08:49:32,499 [Worker-19: Launching mavenrun-3df132b3-4ce4-455a-9c10-2490bfb25dcb] INFO  o.eclipse.m2e.core.internal.Bundles - 	Entry: C:\Users\vicky\.p2\pool\plugins\org.eclipse.m2e.maven.runtime_3.9.600.20231203-1234\jars\plexus-classworlds-2.7.0.jar
2024-05-17 08:49:32,500 [Worker-19: Launching mavenrun-3df132b3-4ce4-455a-9c10-2490bfb25dcb] INFO  o.eclipse.m2e.core.internal.Bundles - 	Entry: C:\Users\vicky\.p2\pool\plugins\org.eclipse.m2e.maven.runtime_3.9.600.20231203-1234\jars\plexus-component-annotations-2.1.0.jar
2024-05-17 08:49:32,501 [Worker-19: Launching mavenrun-3df132b3-4ce4-455a-9c10-2490bfb25dcb] INFO  o.eclipse.m2e.core.internal.Bundles - 	Entry: C:\Users\vicky\.p2\pool\plugins\org.eclipse.m2e.maven.runtime_3.9.600.20231203-1234\jars\plexus-interpolation-1.26.jar
2024-05-17 08:49:32,502 [Worker-19: Launching mavenrun-3df132b3-4ce4-455a-9c10-2490bfb25dcb] INFO  o.eclipse.m2e.core.internal.Bundles - 	Entry: C:\Users\vicky\.p2\pool\plugins\org.eclipse.m2e.maven.runtime_3.9.600.20231203-1234\jars\plexus-sec-dispatcher-2.0.jar
2024-05-17 08:49:32,503 [Worker-19: Launching mavenrun-3df132b3-4ce4-455a-9c10-2490bfb25dcb] INFO  o.eclipse.m2e.core.internal.Bundles - 	Entry: C:\Users\vicky\.p2\pool\plugins\org.eclipse.m2e.maven.runtime_3.9.600.20231203-1234\jars\plexus-utils-3.5.1.jar
2024-05-17 08:49:32,504 [Worker-19: Launching mavenrun-3df132b3-4ce4-455a-9c10-2490bfb25dcb] INFO  o.eclipse.m2e.core.internal.Bundles - 	Entry: C:\Users\vicky\.p2\pool\plugins\org.eclipse.m2e.maven.runtime_3.9.600.20231203-1234\jars\wagon-file-3.5.3.jar
2024-05-17 08:49:32,505 [Worker-19: Launching mavenrun-3df132b3-4ce4-455a-9c10-2490bfb25dcb] INFO  o.eclipse.m2e.core.internal.Bundles - 	Entry: C:\Users\vicky\.p2\pool\plugins\org.eclipse.m2e.maven.runtime_3.9.600.20231203-1234\jars\wagon-http-3.5.3.jar
2024-05-17 08:49:32,505 [Worker-19: Launching mavenrun-3df132b3-4ce4-455a-9c10-2490bfb25dcb] INFO  o.eclipse.m2e.core.internal.Bundles - 	Entry: C:\Users\vicky\.p2\pool\plugins\org.eclipse.m2e.maven.runtime_3.9.600.20231203-1234\jars\wagon-http-shared-3.5.3.jar
2024-05-17 08:49:32,506 [Worker-19: Launching mavenrun-3df132b3-4ce4-455a-9c10-2490bfb25dcb] INFO  o.eclipse.m2e.core.internal.Bundles - 	Entry: C:\Users\vicky\.p2\pool\plugins\org.eclipse.m2e.maven.runtime_3.9.600.20231203-1234\jars\wagon-provider-api-3.5.3.jar
2024-05-17 08:49:32,509 [Worker-19: Launching mavenrun-3df132b3-4ce4-455a-9c10-2490bfb25dcb] INFO  o.eclipse.m2e.core.internal.Bundles - getClasspathEntries(Bundle=com.google.guava_33.0.0.jre [10])
2024-05-17 08:49:32,511 [Worker-19: Launching mavenrun-3df132b3-4ce4-455a-9c10-2490bfb25dcb] INFO  o.eclipse.m2e.core.internal.Bundles - 	Entry: C:\Users\vicky\.p2\pool\plugins\com.google.guava_33.0.0.jre.jar
2024-05-17 08:49:32,511 [Worker-19: Launching mavenrun-3df132b3-4ce4-455a-9c10-2490bfb25dcb] INFO  o.eclipse.m2e.core.internal.Bundles - getClasspathEntries(Bundle=slf4j.api_2.0.13 [519])
2024-05-17 08:49:32,512 [Worker-19: Launching mavenrun-3df132b3-4ce4-455a-9c10-2490bfb25dcb] INFO  o.eclipse.m2e.core.internal.Bundles - 	Entry: C:\Users\vicky\.p2\pool\plugins\slf4j.api_2.0.13.jar
2024-05-17 08:49:32,513 [Worker-19: Launching mavenrun-3df132b3-4ce4-455a-9c10-2490bfb25dcb] INFO  o.eclipse.m2e.core.internal.Bundles - getClasspathEntries(Bundle=jakarta.inject.jakarta.inject-api_1.0.5 [22])
2024-05-17 08:49:32,514 [Worker-19: Launching mavenrun-3df132b3-4ce4-455a-9c10-2490bfb25dcb] INFO  o.eclipse.m2e.core.internal.Bundles - 	Entry: C:\Users\vicky\.p2\pool\plugins\jakarta.inject.jakarta.inject-api_1.0.5.jar
2024-05-17 08:49:32,514 [Worker-19: Launching mavenrun-3df132b3-4ce4-455a-9c10-2490bfb25dcb] INFO  o.eclipse.m2e.core.internal.Bundles - getClasspathEntries(Bundle=jakarta.annotation-api_1.3.5 [20])
2024-05-17 08:49:32,516 [Worker-19: Launching mavenrun-3df132b3-4ce4-455a-9c10-2490bfb25dcb] INFO  o.eclipse.m2e.core.internal.Bundles - 	Entry: C:\Users\vicky\.p2\pool\plugins\jakarta.annotation-api_1.3.5.jar
2024-05-17 08:49:32,516 [Worker-19: Launching mavenrun-3df132b3-4ce4-455a-9c10-2490bfb25dcb] INFO  o.eclipse.m2e.core.internal.Bundles - getClasspathEntries(Bundle=org.apache.commons.cli_1.6.0 [46])
2024-05-17 08:49:32,517 [Worker-19: Launching mavenrun-3df132b3-4ce4-455a-9c10-2490bfb25dcb] INFO  o.eclipse.m2e.core.internal.Bundles - 	Entry: C:\Users\vicky\.p2\pool\plugins\org.apache.commons.cli_1.6.0.jar
2024-05-17 08:49:32,518 [Worker-19: Launching mavenrun-3df132b3-4ce4-455a-9c10-2490bfb25dcb] INFO  o.eclipse.m2e.core.internal.Bundles - getClasspathEntries(Bundle=org.apache.commons.commons-codec_1.16.0 [47])
2024-05-17 08:49:32,519 [Worker-19: Launching mavenrun-3df132b3-4ce4-455a-9c10-2490bfb25dcb] INFO  o.eclipse.m2e.core.internal.Bundles - 	Entry: C:\Users\vicky\.p2\pool\plugins\org.apache.commons.commons-codec_1.16.0.jar
2024-05-17 08:49:32,519 [Worker-19: Launching mavenrun-3df132b3-4ce4-455a-9c10-2490bfb25dcb] INFO  o.eclipse.m2e.core.internal.Bundles - getClasspathEntries(Bundle=org.apache.commons.lang3_3.14.0 [53])
2024-05-17 08:49:32,520 [Worker-19: Launching mavenrun-3df132b3-4ce4-455a-9c10-2490bfb25dcb] INFO  o.eclipse.m2e.core.internal.Bundles - 	Entry: C:\Users\vicky\.p2\pool\plugins\org.apache.commons.lang3_3.14.0.jar
2024-05-17 08:49:32,520 [Worker-19: Launching mavenrun-3df132b3-4ce4-455a-9c10-2490bfb25dcb] INFO  o.eclipse.m2e.core.internal.Bundles - getClasspathEntries(Bundle=com.google.guava.failureaccess_1.0.2 [11])
2024-05-17 08:49:32,521 [Worker-19: Launching mavenrun-3df132b3-4ce4-455a-9c10-2490bfb25dcb] INFO  o.eclipse.m2e.core.internal.Bundles - 	Entry: C:\Users\vicky\.p2\pool\plugins\com.google.guava.failureaccess_1.0.2.jar
2024-05-17 08:49:32,543 [Worker-19: Launching mavenrun-3df132b3-4ce4-455a-9c10-2490bfb25dcb] INFO  o.e.m.i.launch.MavenLaunchDelegate - Run build in "C:\Users\vicky\AppData\Local\Temp\m2e-archetypeGenerator9515964270908077672":
2024-05-17 08:49:32,562 [Worker-19: Launching mavenrun-3df132b3-4ce4-455a-9c10-2490bfb25dcb] INFO  o.e.m.i.launch.MavenLaunchDelegate -  mvn  -DarchetypeGroupId=org.apache.maven.archetypes -DarchetypeArtifactId=maven-archetype-quickstart -DarchetypeVersion=1.1 -DgroupId=com.code -DartifactId=Practice -Dversion=0.0.1-SNAPSHOT -Dpackage=com.code.Practice -DoutputDirectory=C:\Users\vicky\eclipse-workspace -Dstyle.color=always -U archetype:generate
2024-05-17 08:50:24,953 [Worker-20: Creating maven-archetype-quickstart] INFO  o.e.m.c.i.p.ProjectConfigurationManager - Collecting project info '/pom.xml' C:\Users\vicky\eclipse-workspace\Practice\pom.xml
2024-05-17 08:50:26,938 [Worker-20: Creating maven-archetype-quickstart] INFO  o.e.m.c.i.l.LifecycleMappingFactory - Using org.eclipse.m2e.jdt.JarLifecycleMapping lifecycle mapping for MavenProject: com.code:Practice:0.0.1-SNAPSHOT @ C:\Users\vicky\eclipse-workspace\Practice\pom.xml.
2024-05-17 08:55:41,313 [Worker-26: Building] INFO  o.e.m.c.i.e.AbstractTransferListenerAdapter - Downloading https://repo.maven.apache.org/maven2/org/apache/maven/plugins/maven-resources-plugin/3.1.0/maven-resources-plugin-3.1.0.jar
2024-05-17 08:55:41,350 [Worker-26: Building] INFO  o.e.m.c.i.e.AbstractTransferListenerAdapter - Downloaded https://repo.maven.apache.org/maven2/org/apache/maven/plugins/maven-resources-plugin/3.1.0/maven-resources-plugin-3.1.0.jar
2024-05-17 08:55:42,094 [Worker-26: Building] INFO  o.e.m.c.i.l.LifecycleMappingFactory - Using org.eclipse.m2e.jdt.JarLifecycleMapping lifecycle mapping for MavenProject: com.code:Practice:0.0.1-SNAPSHOT @ C:\Users\vicky\eclipse-workspace\Practice\pom.xml.
2024-05-17 08:55:42,145 [Worker-26: Building] INFO  o.e.m.c.i.e.AbstractTransferListenerAdapter - Downloading https://repo.maven.apache.org/maven2/org/apache/maven/plugins/maven-resources-plugin/3.1.0/maven-resources-plugin-3.1.0.pom
2024-05-17 08:55:42,176 [Worker-26: Building] INFO  o.e.m.c.i.e.AbstractTransferListenerAdapter - Downloaded https://repo.maven.apache.org/maven2/org/apache/maven/plugins/maven-resources-plugin/3.1.0/maven-resources-plugin-3.1.0.pom
2024-05-17 08:55:42,215 [Worker-26: Building] INFO  o.e.m.c.i.e.AbstractTransferListenerAdapter - Downloading https://repo.maven.apache.org/maven2/org/apache/maven/plugins/maven-plugins/31/maven-plugins-31.pom
2024-05-17 08:55:42,252 [Worker-26: Building] INFO  o.e.m.c.i.e.AbstractTransferListenerAdapter - Downloaded https://repo.maven.apache.org/maven2/org/apache/maven/plugins/maven-plugins/31/maven-plugins-31.pom
2024-05-17 08:55:43,171 [Worker-26: Building] INFO  o.e.m.c.i.e.AbstractTransferListenerAdapter - Downloading https://repo.maven.apache.org/maven2/org/codehaus/plexus/plexus-utils/3.1.0/plexus-utils-3.1.0.pom
2024-05-17 08:55:43,202 [Worker-26: Building] INFO  o.e.m.c.i.e.AbstractTransferListenerAdapter - Downloaded https://repo.maven.apache.org/maven2/org/codehaus/plexus/plexus-utils/3.1.0/plexus-utils-3.1.0.pom
2024-05-17 08:55:43,648 [Worker-26: Building] INFO  o.e.m.c.i.e.AbstractTransferListenerAdapter - Downloading https://repo.maven.apache.org/maven2/org/codehaus/plexus/plexus-utils/3.1.0/plexus-utils-3.1.0.jar
2024-05-17 08:55:43,724 [Worker-26: Building] INFO  o.e.m.c.i.e.AbstractTransferListenerAdapter - Downloaded https://repo.maven.apache.org/maven2/org/codehaus/plexus/plexus-utils/3.1.0/plexus-utils-3.1.0.jar
2024-05-17 08:55:43,951 [Worker-26: Building] INFO  o.e.m.c.i.embedder.EclipseLogger - Using 'UTF-8' encoding to copy filtered resources.
2024-05-17 08:55:43,951 [Worker-26: Building] INFO  o.e.m.c.i.embedder.EclipseLogger - skip non existing resourceDirectory C:\Users\vicky\eclipse-workspace\Practice\src\main\resources
2024-05-17 08:55:43,960 [Worker-26: Building] INFO  o.e.m.c.i.embedder.EclipseLogger - Using 'UTF-8' encoding to copy filtered resources.
2024-05-17 08:55:43,961 [Worker-26: Building] INFO  o.e.m.c.i.embedder.EclipseLogger - skip non existing resourceDirectory C:\Users\vicky\eclipse-workspace\Practice\src\test\resources
2024-05-17 08:55:44,173 [Worker-27: Updating Maven Project] INFO  o.e.m.c.i.p.ProjectConfigurationManager - Update started
2024-05-17 08:55:44,760 [Worker-27: Updating Maven Project] INFO  o.e.m.c.i.l.LifecycleMappingFactory - Using org.eclipse.m2e.jdt.JarLifecycleMapping lifecycle mapping for MavenProject: com.code:Practice:0.0.1-SNAPSHOT @ C:\Users\vicky\eclipse-workspace\Practice\pom.xml.
2024-05-17 08:55:46,227 [Worker-27: Updating Maven Project] INFO  o.e.m.j.i.AbstractJavaProjectConfigurator - Adding source folder /Practice/src/main/java
2024-05-17 08:55:46,233 [Worker-27: Updating Maven Project] INFO  o.e.m.j.i.AbstractJavaProjectConfigurator - Adding resource folder /Practice/src/main/resources
2024-05-17 08:55:46,259 [Worker-27: Updating Maven Project] INFO  o.e.m.j.i.AbstractJavaProjectConfigurator - Adding source folder /Practice/src/test/java
2024-05-17 08:55:46,265 [Worker-27: Updating Maven Project] INFO  o.e.m.j.i.AbstractJavaProjectConfigurator - Adding resource folder /Practice/src/test/resources
2024-05-17 08:55:46,272 [Worker-27: Updating Maven Project] ERROR o.e.m.j.i.AbstractJavaProjectConfigurator - Failed to find a compatible VM for environment id 'JavaSE-1.8', falling back to workspace default
2024-05-17 08:55:48,744 [Worker-27: Updating Maven Project] INFO  o.e.m.c.i.p.ProjectConfigurationManager - Update completed for 1 poms: local refresh takes 0.00 sec, refresh facades takes 0.00 sec, update config takes 1.00 sec 
2024-05-17 08:55:49,171 [Worker-27: Building] INFO  o.e.m.c.i.embedder.EclipseLogger - Using 'UTF-8' encoding to copy filtered resources.
2024-05-17 08:55:49,171 [Worker-27: Building] INFO  o.e.m.c.i.embedder.EclipseLogger - skip non existing resourceDirectory C:\Users\vicky\eclipse-workspace\Practice\src\main\resources
2024-05-17 08:55:49,181 [Worker-27: Building] INFO  o.e.m.c.i.embedder.EclipseLogger - Using 'UTF-8' encoding to copy filtered resources.
2024-05-17 08:55:49,182 [Worker-27: Building] INFO  o.e.m.c.i.embedder.EclipseLogger - skip non existing resourceDirectory C:\Users\vicky\eclipse-workspace\Practice\src\test\resources
2024-05-17 08:57:07,324 [Worker-25: Updating Maven Project] INFO  o.e.m.c.i.p.ProjectConfigurationManager - Update started
2024-05-17 08:57:08,009 [Worker-25: Updating Maven Project] INFO  o.e.m.c.i.l.LifecycleMappingFactory - Using org.eclipse.m2e.jdt.JarLifecycleMapping lifecycle mapping for MavenProject: com.code:Practice:0.0.1-SNAPSHOT @ C:\Users\vicky\eclipse-workspace\Practice\pom.xml.
2024-05-17 08:57:08,382 [Worker-25: Updating Maven Project] INFO  o.e.m.c.i.e.AbstractTransferListenerAdapter - Downloading https://repo.maven.apache.org/maven2/javax/inject/javax.inject/1/javax.inject-1.jar
2024-05-17 08:57:08,419 [Worker-25: Updating Maven Project] INFO  o.e.m.c.i.e.AbstractTransferListenerAdapter - Downloaded https://repo.maven.apache.org/maven2/javax/inject/javax.inject/1/javax.inject-1.jar
2024-05-17 08:57:10,578 [Worker-25: Updating Maven Project] INFO  o.e.m.j.i.AbstractJavaProjectConfigurator - Adding source folder /Practice/src/main/java
2024-05-17 08:57:10,584 [Worker-25: Updating Maven Project] INFO  o.e.m.j.i.AbstractJavaProjectConfigurator - Adding resource folder /Practice/src/main/resources
2024-05-17 08:57:10,586 [Worker-25: Updating Maven Project] INFO  o.e.m.j.i.AbstractJavaProjectConfigurator - Adding source folder /Practice/src/test/java
2024-05-17 08:57:10,589 [Worker-25: Updating Maven Project] INFO  o.e.m.j.i.AbstractJavaProjectConfigurator - Adding resource folder /Practice/src/test/resources
2024-05-17 08:57:10,590 [Worker-25: Updating Maven Project] ERROR o.e.m.j.i.AbstractJavaProjectConfigurator - Failed to find a compatible VM for environment id 'JavaSE-1.8', falling back to workspace default
2024-05-17 08:57:11,208 [Worker-25: Updating Maven Project] INFO  o.e.m.c.i.p.ProjectConfigurationManager - Update completed for 1 poms: local refresh takes 0.00 sec, refresh facades takes 2.00 sec, update config takes 1.00 sec 
2024-05-17 08:57:11,543 [Worker-26: Building] INFO  o.e.m.c.i.embedder.EclipseLogger - Using 'UTF-8' encoding to copy filtered resources.
2024-05-17 08:57:11,543 [Worker-26: Building] INFO  o.e.m.c.i.embedder.EclipseLogger - skip non existing resourceDirectory C:\Users\vicky\eclipse-workspace\Practice\src\main\resources
2024-05-17 08:57:11,553 [Worker-26: Building] INFO  o.e.m.c.i.embedder.EclipseLogger - Using 'UTF-8' encoding to copy filtered resources.
2024-05-17 08:57:11,554 [Worker-26: Building] INFO  o.e.m.c.i.embedder.EclipseLogger - skip non existing resourceDirectory C:\Users\vicky\eclipse-workspace\Practice\src\test\resources
2024-05-17 08:57:28,306 [Worker-25: Building] INFO  o.e.m.c.i.l.LifecycleMappingFactory - Using org.eclipse.m2e.jdt.JarLifecycleMapping lifecycle mapping for MavenProject: com.code:Practice:0.0.1-SNAPSHOT @ C:\Users\vicky\eclipse-workspace\Practice\pom.xml.
2024-05-17 08:57:30,410 [Worker-25: Updating Maven Project] INFO  o.e.m.c.i.p.ProjectConfigurationManager - Update started
2024-05-17 08:57:30,949 [Worker-25: Updating Maven Project] INFO  o.e.m.c.i.l.LifecycleMappingFactory - Using org.eclipse.m2e.jdt.JarLifecycleMapping lifecycle mapping for MavenProject: com.code:Practice:0.0.1-SNAPSHOT @ C:\Users\vicky\eclipse-workspace\Practice\pom.xml.
2024-05-17 08:57:31,633 [Worker-25: Updating Maven Project] INFO  o.e.m.c.i.p.ProjectConfigurationManager - Update completed for 1 poms: local refresh takes 0.00 sec, refresh facades takes 0.00 sec, update config takes 0.00 sec 
2024-05-17 08:57:41,571 [Worker-30: Building] INFO  o.e.m.c.i.l.LifecycleMappingFactory - Using org.eclipse.m2e.jdt.JarLifecycleMapping lifecycle mapping for MavenProject: com.code:Practice:0.0.1-SNAPSHOT @ C:\Users\vicky\eclipse-workspace\Practice\pom.xml.
2024-05-17 08:57:42,347 [Worker-30: Building] INFO  o.e.m.c.i.embedder.EclipseLogger - Using 'UTF-8' encoding to copy filtered resources.
2024-05-17 08:57:42,348 [Worker-30: Building] INFO  o.e.m.c.i.embedder.EclipseLogger - skip non existing resourceDirectory C:\Users\vicky\eclipse-workspace\Practice\src\main\resources
2024-05-17 08:57:42,356 [Worker-30: Building] INFO  o.e.m.c.i.embedder.EclipseLogger - Using 'UTF-8' encoding to copy filtered resources.
2024-05-17 08:57:42,357 [Worker-30: Building] INFO  o.e.m.c.i.embedder.EclipseLogger - skip non existing resourceDirectory C:\Users\vicky\eclipse-workspace\Practice\src\test\resources
2024-05-19 10:48:32,655 [Worker-0: Loading available Gradle versions] INFO  o.e.b.c.i.u.g.PublishedGradleVersions - Gradle version information cache is out-of-date. Trying to update.
2024-05-19 10:48:50,975 [Worker-5: Updating Maven Dependencies] INFO  o.e.m.c.i.l.LifecycleMappingFactory - Using org.eclipse.m2e.jdt.JarLifecycleMapping lifecycle mapping for MavenProject: com.code:Practice:0.0.1-SNAPSHOT @ C:\Users\vicky\eclipse-workspace\Practice\pom.xml.
2024-05-19 10:48:58,404 [Worker-1: Building] INFO  o.e.m.c.i.embedder.EclipseLogger - Using 'UTF-8' encoding to copy filtered resources.
2024-05-19 10:48:58,406 [Worker-1: Building] INFO  o.e.m.c.i.embedder.EclipseLogger - skip non existing resourceDirectory C:\Users\vicky\eclipse-workspace\Practice\src\main\resources
2024-05-19 10:48:58,469 [Worker-1: Building] INFO  o.e.m.c.i.embedder.EclipseLogger - Using 'UTF-8' encoding to copy filtered resources.
2024-05-19 10:48:58,469 [Worker-1: Building] INFO  o.e.m.c.i.embedder.EclipseLogger - skip non existing resourceDirectory C:\Users\vicky\eclipse-workspace\Practice\src\test\resources
2024-05-19 10:49:55,495 [Worker-5: Building] INFO  o.e.m.c.i.embedder.EclipseLogger - Using 'UTF-8' encoding to copy filtered resources.
2024-05-19 10:49:55,495 [Worker-5: Building] INFO  o.e.m.c.i.embedder.EclipseLogger - skip non existing resourceDirectory C:\Users\vicky\eclipse-workspace\Practice\src\main\resources
2024-05-19 10:49:55,503 [Worker-5: Building] INFO  o.e.m.c.i.embedder.EclipseLogger - Using 'UTF-8' encoding to copy filtered resources.
2024-05-19 10:49:55,504 [Worker-5: Building] INFO  o.e.m.c.i.embedder.EclipseLogger - skip non existing resourceDirectory C:\Users\vicky\eclipse-workspace\Practice\src\test\resources
2024-05-19 10:54:11,189 [Worker-9: Building] INFO  o.e.m.c.i.embedder.EclipseLogger - Using 'UTF-8' encoding to copy filtered resources.
2024-05-19 10:54:11,190 [Worker-9: Building] INFO  o.e.m.c.i.embedder.EclipseLogger - skip non existing resourceDirectory C:\Users\vicky\eclipse-workspace\Practice\src\main\resources
2024-05-19 10:54:11,199 [Worker-9: Building] INFO  o.e.m.c.i.embedder.EclipseLogger - Using 'UTF-8' encoding to copy filtered resources.
2024-05-19 10:54:11,200 [Worker-9: Building] INFO  o.e.m.c.i.embedder.EclipseLogger - skip non existing resourceDirectory C:\Users\vicky\eclipse-workspace\Practice\src\test\resources
2024-05-19 10:55:21,995 [Worker-14: Building] INFO  o.e.m.c.i.embedder.EclipseLogger - Using 'UTF-8' encoding to copy filtered resources.
2024-05-19 10:55:21,996 [Worker-14: Building] INFO  o.e.m.c.i.embedder.EclipseLogger - skip non existing resourceDirectory C:\Users\vicky\eclipse-workspace\Practice\src\main\resources
2024-05-19 10:55:22,003 [Worker-14: Building] INFO  o.e.m.c.i.embedder.EclipseLogger - Using 'UTF-8' encoding to copy filtered resources.
2024-05-19 10:55:22,003 [Worker-14: Building] INFO  o.e.m.c.i.embedder.EclipseLogger - skip non existing resourceDirectory C:\Users\vicky\eclipse-workspace\Practice\src\test\resources
2024-05-19 10:55:40,527 [Worker-14: Building] INFO  o.e.m.c.i.embedder.EclipseLogger - Using 'UTF-8' encoding to copy filtered resources.
2024-05-19 10:55:40,527 [Worker-14: Building] INFO  o.e.m.c.i.embedder.EclipseLogger - skip non existing resourceDirectory C:\Users\vicky\eclipse-workspace\Practice\src\main\resources
2024-05-19 10:55:40,534 [Worker-14: Building] INFO  o.e.m.c.i.embedder.EclipseLogger - Using 'UTF-8' encoding to copy filtered resources.
2024-05-19 10:55:40,535 [Worker-14: Building] INFO  o.e.m.c.i.embedder.EclipseLogger - skip non existing resourceDirectory C:\Users\vicky\eclipse-workspace\Practice\src\test\resources
2024-05-19 10:55:44,756 [Worker-0: Building] INFO  o.e.m.c.i.embedder.EclipseLogger - Using 'UTF-8' encoding to copy filtered resources.
2024-05-19 10:55:44,756 [Worker-0: Building] INFO  o.e.m.c.i.embedder.EclipseLogger - skip non existing resourceDirectory C:\Users\vicky\eclipse-workspace\Practice\src\main\resources
2024-05-19 10:55:44,762 [Worker-0: Building] INFO  o.e.m.c.i.embedder.EclipseLogger - Using 'UTF-8' encoding to copy filtered resources.
2024-05-19 10:55:44,763 [Worker-0: Building] INFO  o.e.m.c.i.embedder.EclipseLogger - skip non existing resourceDirectory C:\Users\vicky\eclipse-workspace\Practice\src\test\resources
2024-05-19 11:11:34,709 [Worker-16: Building] INFO  o.e.m.c.i.embedder.EclipseLogger - Using 'UTF-8' encoding to copy filtered resources.
2024-05-19 11:11:34,712 [Worker-16: Building] INFO  o.e.m.c.i.embedder.EclipseLogger - skip non existing resourceDirectory C:\Users\vicky\eclipse-workspace\Practice\src\main\resources
2024-05-19 11:11:34,719 [Worker-16: Building] INFO  o.e.m.c.i.embedder.EclipseLogger - Using 'UTF-8' encoding to copy filtered resources.
2024-05-19 11:11:34,719 [Worker-16: Building] INFO  o.e.m.c.i.embedder.EclipseLogger - skip non existing resourceDirectory C:\Users\vicky\eclipse-workspace\Practice\src\test\resources
2024-05-19 11:13:09,894 [Worker-15: Building] INFO  o.e.m.c.i.embedder.EclipseLogger - Using 'UTF-8' encoding to copy filtered resources.
2024-05-19 11:13:09,895 [Worker-15: Building] INFO  o.e.m.c.i.embedder.EclipseLogger - skip non existing resourceDirectory C:\Users\vicky\eclipse-workspace\Practice\src\main\resources
2024-05-19 11:13:09,902 [Worker-15: Building] INFO  o.e.m.c.i.embedder.EclipseLogger - Using 'UTF-8' encoding to copy filtered resources.
2024-05-19 11:13:09,903 [Worker-15: Building] INFO  o.e.m.c.i.embedder.EclipseLogger - skip non existing resourceDirectory C:\Users\vicky\eclipse-workspace\Practice\src\test\resources
